Analysis & Synthesis report for ArchFLT
Thu Sep 07 14:13:16 2023
Quartus II 64-Bit Version 9.0 Build 235 06/17/2009 Service Pack 2 SJ Full Version


---------------------
; Table of Contents ;
---------------------
  1. Legal Notice
  2. Analysis & Synthesis Summary
  3. Analysis & Synthesis Settings
  4. Analysis & Synthesis Source Files Read
  5. Analysis & Synthesis Resource Usage Summary
  6. Analysis & Synthesis Resource Utilization by Entity
  7. Registers Removed During Synthesis
  8. General Register Statistics
  9. Parameter Settings for User Entity Instance: Receiver:inst1
 10. Parameter Settings for User Entity Instance: Transmitter:inst4
 11. Analysis & Synthesis Messages



----------------
; Legal Notice ;
----------------
Copyright (C) 1991-2009 Altera Corporation
Your use of Altera Corporation's design tools, logic functions 
and other software and tools, and its AMPP partner logic 
functions, and any output files from any of the foregoing 
(including device programming or simulation files), and any 
associated documentation or information are expressly subject 
to the terms and conditions of the Altera Program License 
Subscription Agreement, Altera MegaCore Function License 
Agreement, or other applicable license agreement, including, 
without limitation, that your use is for the sole purpose of 
programming logic devices manufactured by Altera and sold by 
Altera or its authorized distributors.  Please refer to the 
applicable agreement for further details.



+-------------------------------------------------------------------------------+
; Analysis & Synthesis Summary                                                  ;
+-------------------------------+-----------------------------------------------+
; Analysis & Synthesis Status   ; Successful - Thu Sep 07 14:13:16 2023         ;
; Quartus II 64-Bit Version     ; 9.0 Build 235 06/17/2009 SP 2 SJ Full Version ;
; Revision Name                 ; ArchFLT                                       ;
; Top-level Entity Name         ; ArchFLT                                       ;
; Family                        ; Stratix II                                    ;
; Logic utilization             ; N/A                                           ;
;     Combinational ALUTs       ; 56                                            ;
;     Dedicated logic registers ; 36                                            ;
; Total registers               ; 36                                            ;
; Total pins                    ; 20                                            ;
; Total virtual pins            ; 0                                             ;
; Total block memory bits       ; 0                                             ;
; DSP block 9-bit elements      ; 0                                             ;
; Total PLLs                    ; 0                                             ;
; Total DLLs                    ; 0                                             ;
+-------------------------------+-----------------------------------------------+


+--------------------------------------------------------------------------------------------------------+
; Analysis & Synthesis Settings                                                                          ;
+--------------------------------------------------------------+--------------------+--------------------+
; Option                                                       ; Setting            ; Default Value      ;
+--------------------------------------------------------------+--------------------+--------------------+
; Top-level entity name                                        ; ArchFLT            ; ArchFLT            ;
; Family name                                                  ; Stratix II         ; Stratix II         ;
; Use Generated Physical Constraints File                      ; Off                ;                    ;
; Use smart compilation                                        ; Off                ; Off                ;
; Restructure Multiplexers                                     ; Auto               ; Auto               ;
; Create Debugging Nodes for IP Cores                          ; Off                ; Off                ;
; Preserve fewer node names                                    ; On                 ; On                 ;
; Disable OpenCore Plus hardware evaluation                    ; Off                ; Off                ;
; Verilog Version                                              ; Verilog_2001       ; Verilog_2001       ;
; VHDL Version                                                 ; VHDL93             ; VHDL93             ;
; State Machine Processing                                     ; Auto               ; Auto               ;
; Safe State Machine                                           ; Off                ; Off                ;
; Extract Verilog State Machines                               ; On                 ; On                 ;
; Extract VHDL State Machines                                  ; On                 ; On                 ;
; Ignore Verilog initial constructs                            ; Off                ; Off                ;
; Iteration limit for constant Verilog loops                   ; 5000               ; 5000               ;
; Iteration limit for non-constant Verilog loops               ; 250                ; 250                ;
; Add Pass-Through Logic to Inferred RAMs                      ; On                 ; On                 ;
; Parallel Synthesis                                           ; Off                ; Off                ;
; DSP Block Balancing                                          ; Auto               ; Auto               ;
; NOT Gate Push-Back                                           ; On                 ; On                 ;
; Power-Up Don't Care                                          ; On                 ; On                 ;
; Remove Redundant Logic Cells                                 ; Off                ; Off                ;
; Remove Duplicate Registers                                   ; On                 ; On                 ;
; Ignore CARRY Buffers                                         ; Off                ; Off                ;
; Ignore CASCADE Buffers                                       ; Off                ; Off                ;
; Ignore GLOBAL Buffers                                        ; Off                ; Off                ;
; Ignore ROW GLOBAL Buffers                                    ; Off                ; Off                ;
; Ignore LCELL Buffers                                         ; Off                ; Off                ;
; Ignore SOFT Buffers                                          ; On                 ; On                 ;
; Limit AHDL Integers to 32 Bits                               ; Off                ; Off                ;
; Optimization Technique                                       ; Balanced           ; Balanced           ;
; Carry Chain Length                                           ; 70                 ; 70                 ;
; Auto Carry Chains                                            ; On                 ; On                 ;
; Auto Open-Drain Pins                                         ; On                 ; On                 ;
; Perform WYSIWYG Primitive Resynthesis                        ; Off                ; Off                ;
; Auto ROM Replacement                                         ; On                 ; On                 ;
; Auto RAM Replacement                                         ; On                 ; On                 ;
; Auto DSP Block Replacement                                   ; On                 ; On                 ;
; Auto Shift Register Replacement                              ; Auto               ; Auto               ;
; Auto Clock Enable Replacement                                ; On                 ; On                 ;
; Strict RAM Replacement                                       ; Off                ; Off                ;
; Allow Synchronous Control Signals                            ; On                 ; On                 ;
; Force Use of Synchronous Clear Signals                       ; Off                ; Off                ;
; Auto RAM Block Balancing                                     ; On                 ; On                 ;
; Auto RAM to Logic Cell Conversion                            ; Off                ; Off                ;
; Auto Resource Sharing                                        ; Off                ; Off                ;
; Allow Any RAM Size For Recognition                           ; Off                ; Off                ;
; Allow Any ROM Size For Recognition                           ; Off                ; Off                ;
; Allow Any Shift Register Size For Recognition                ; Off                ; Off                ;
; Use LogicLock Constraints during Resource Balancing          ; On                 ; On                 ;
; Ignore translate_off and synthesis_off directives            ; Off                ; Off                ;
; Timing-Driven Synthesis                                      ; Off                ; Off                ;
; Show Parameter Settings Tables in Synthesis Report           ; On                 ; On                 ;
; Ignore Maximum Fan-Out Assignments                           ; Off                ; Off                ;
; Synchronization Register Chain Length                        ; 2                  ; 2                  ;
; PowerPlay Power Optimization                                 ; Normal compilation ; Normal compilation ;
; HDL message level                                            ; Level2             ; Level2             ;
; Suppress Register Optimization Related Messages              ; Off                ; Off                ;
; Number of Removed Registers Reported in Synthesis Report     ; 100                ; 100                ;
; Number of Inverted Registers Reported in Synthesis Report    ; 100                ; 100                ;
; Clock MUX Protection                                         ; On                 ; On                 ;
; Auto Gated Clock Conversion                                  ; Off                ; Off                ;
; Block Design Naming                                          ; Auto               ; Auto               ;
; SDC constraint protection                                    ; Off                ; Off                ;
; Synthesis Effort                                             ; Auto               ; Auto               ;
; Shift Register Replacement - Allow Asynchronous Clear Signal ; On                 ; On                 ;
; Analysis & Synthesis Message Level                           ; Medium             ; Medium             ;
+--------------------------------------------------------------+--------------------+--------------------+


+-----------------------------------------------------------------------------------------------------------------------------------------------------------+
; Analysis & Synthesis Source Files Read                                                                                                                    ;
+----------------------------------+-----------------+------------------------------------+-----------------------------------------------------------------+
; File Name with User-Entered Path ; Used in Netlist ; File Type                          ; File Name with Absolute Path                                    ;
+----------------------------------+-----------------+------------------------------------+-----------------------------------------------------------------+
; ArchFLT.bdf                      ; yes             ; User Block Diagram/Schematic File  ; D:/QUARTUS projects/Project 4L2/FLT/version 4.0/ArchFLT.bdf     ;
; Receiver.vhd                     ; yes             ; User VHDL File                     ; D:/QUARTUS projects/Project 4L2/FLT/version 4.0/Receiver.vhd    ;
; Splitter.vhd                     ; yes             ; User VHDL File                     ; D:/QUARTUS projects/Project 4L2/FLT/version 4.0/Splitter.vhd    ;
; DeMUX.vhd                        ; yes             ; User VHDL File                     ; D:/QUARTUS projects/Project 4L2/FLT/version 4.0/DeMUX.vhd       ;
; KY_Block.vhd                     ; yes             ; User VHDL File                     ; D:/QUARTUS projects/Project 4L2/FLT/version 4.0/KY_Block.vhd    ;
; PK_Block.vhd                     ; yes             ; User VHDL File                     ; D:/QUARTUS projects/Project 4L2/FLT/version 4.0/PK_Block.vhd    ;
; RW_Block.vhd                     ; yes             ; User VHDL File                     ; D:/QUARTUS projects/Project 4L2/FLT/version 4.0/RW_Block.vhd    ;
; Transmitter.vhd                  ; yes             ; User VHDL File                     ; D:/QUARTUS projects/Project 4L2/FLT/version 4.0/Transmitter.vhd ;
+----------------------------------+-----------------+------------------------------------+-----------------------------------------------------------------+


+-------------------------------------------------------+
; Analysis & Synthesis Resource Usage Summary           ;
+-----------------------------------------------+-------+
; Resource                                      ; Usage ;
+-----------------------------------------------+-------+
; Estimated ALUTs Used                          ; 56    ;
; Dedicated logic registers                     ; 36    ;
;                                               ;       ;
; Estimated ALUTs Unavailable                   ; 4     ;
;                                               ;       ;
; Total combinational functions                 ; 56    ;
; Combinational ALUT usage by number of inputs  ;       ;
;     -- 7 input functions                      ; 1     ;
;     -- 6 input functions                      ; 6     ;
;     -- 5 input functions                      ; 26    ;
;     -- 4 input functions                      ; 5     ;
;     -- <=3 input functions                    ; 18    ;
;                                               ;       ;
; Combinational ALUTs by mode                   ;       ;
;     -- normal mode                            ; 55    ;
;     -- extended LUT mode                      ; 1     ;
;     -- arithmetic mode                        ; 0     ;
;     -- shared arithmetic mode                 ; 0     ;
;                                               ;       ;
; Estimated ALUT/register pairs used            ; 56    ;
;                                               ;       ;
; Total registers                               ; 36    ;
;     -- Dedicated logic registers              ; 36    ;
;     -- I/O registers                          ; 0     ;
;                                               ;       ;
; Estimated ALMs:  partially or completely used ; 28    ;
;                                               ;       ;
; I/O pins                                      ; 20    ;
; Maximum fan-out node                          ; reset ;
; Maximum fan-out                               ; 37    ;
; Total fan-out                                 ; 356   ;
; Average fan-out                               ; 3.18  ;
+-----------------------------------------------+-------+


+------------------------------------------------------------------------------------------------------------------------------------------------------------------------------------------------------+
; Analysis & Synthesis Resource Utilization by Entity                                                                                                                                                  ;
+----------------------------+-------------------+--------------+-------------------+--------------+---------+-----------+-----------+------+--------------+----------------------------+--------------+
; Compilation Hierarchy Node ; LC Combinationals ; LC Registers ; Block Memory Bits ; DSP Elements ; DSP 9x9 ; DSP 18x18 ; DSP 36x36 ; Pins ; Virtual Pins ; Full Hierarchy Name        ; Library Name ;
+----------------------------+-------------------+--------------+-------------------+--------------+---------+-----------+-----------+------+--------------+----------------------------+--------------+
; |ArchFLT                   ; 56 (0)            ; 36 (0)       ; 0                 ; 0            ; 0       ; 0         ; 0         ; 20   ; 0            ; |ArchFLT                   ; work         ;
;    |KY_Block:inst11|       ; 6 (6)             ; 4 (4)        ; 0                 ; 0            ; 0       ; 0         ; 0         ; 0    ; 0            ; |ArchFLT|KY_Block:inst11   ; work         ;
;    |PK_Block:inst12|       ; 17 (17)           ; 8 (8)        ; 0                 ; 0            ; 0       ; 0         ; 0         ; 0    ; 0            ; |ArchFLT|PK_Block:inst12   ; work         ;
;    |RW_Block:inst2|        ; 1 (1)             ; 0 (0)        ; 0                 ; 0            ; 0       ; 0         ; 0         ; 0    ; 0            ; |ArchFLT|RW_Block:inst2    ; work         ;
;    |Receiver:inst1|        ; 24 (24)           ; 19 (19)      ; 0                 ; 0            ; 0       ; 0         ; 0         ; 0    ; 0            ; |ArchFLT|Receiver:inst1    ; work         ;
;    |Splitter:inst|         ; 2 (2)             ; 0 (0)        ; 0                 ; 0            ; 0       ; 0         ; 0         ; 0    ; 0            ; |ArchFLT|Splitter:inst     ; work         ;
;    |Transmitter:inst4|     ; 6 (6)             ; 5 (5)        ; 0                 ; 0            ; 0       ; 0         ; 0         ; 0    ; 0            ; |ArchFLT|Transmitter:inst4 ; work         ;
+----------------------------+-------------------+--------------+-------------------+--------------+---------+-----------+-----------+------+--------------+----------------------------+--------------+
Note: For table entries with two numbers listed, the numbers in parentheses indicate the number of resources of the given type used by the specific entity alone. The numbers listed outside of parentheses indicate the total resources of the given type used by the specific entity and all of its sub-entities in the hierarchy.


+--------------------------------------------------------------------------------+
; Registers Removed During Synthesis                                             ;
+---------------------------------------+----------------------------------------+
; Register name                         ; Reason for Removal                     ;
+---------------------------------------+----------------------------------------+
; Receiver:inst1|overclock              ; Stuck at GND due to stuck port data_in ;
; Transmitter:inst4|overclock           ; Stuck at GND due to stuck port data_in ;
; Total Number of Removed Registers = 2 ;                                        ;
+---------------------------------------+----------------------------------------+


+------------------------------------------------------+
; General Register Statistics                          ;
+----------------------------------------------+-------+
; Statistic                                    ; Value ;
+----------------------------------------------+-------+
; Total registers                              ; 36    ;
; Number of registers using Synchronous Clear  ; 0     ;
; Number of registers using Synchronous Load   ; 0     ;
; Number of registers using Asynchronous Clear ; 36    ;
; Number of registers using Asynchronous Load  ; 0     ;
; Number of registers using Clock Enable       ; 2     ;
; Number of registers using Preset             ; 0     ;
+----------------------------------------------+-------+


+-------------------------------------------------------------+
; Parameter Settings for User Entity Instance: Receiver:inst1 ;
+----------------+-------+------------------------------------+
; Parameter Name ; Value ; Type                               ;
+----------------+-------+------------------------------------+
; ticks          ; 16    ; Signed Integer                     ;
+----------------+-------+------------------------------------+
Note: In order to hide this table in the UI and the text report file, please set the "Show Parameter Settings Tables in Synthesis Report" option in "Analysis and Synthesis Settings -> More Settings" to "Off".


+----------------------------------------------------------------+
; Parameter Settings for User Entity Instance: Transmitter:inst4 ;
+----------------+-------+---------------------------------------+
; Parameter Name ; Value ; Type                                  ;
+----------------+-------+---------------------------------------+
; ticks_tx       ; 8     ; Signed Integer                        ;
+----------------+-------+---------------------------------------+
Note: In order to hide this table in the UI and the text report file, please set the "Show Parameter Settings Tables in Synthesis Report" option in "Analysis and Synthesis Settings -> More Settings" to "Off".


+-------------------------------+
; Analysis & Synthesis Messages ;
+-------------------------------+
Info: *******************************************************************
Info: Running Quartus II 64-Bit Analysis & Synthesis
    Info: Version 9.0 Build 235 06/17/2009 Service Pack 2 SJ Full Version
    Info: Processing started: Thu Sep 07 14:13:15 2023
Info: Command: quartus_map --read_settings_files=on --write_settings_files=off ArchFLT -c ArchFLT
Info: Found 1 design units, including 1 entities, in source file ArchFLT.bdf
    Info: Found entity 1: ArchFLT
Info: Found 2 design units, including 1 entities, in source file Receiver.vhd
    Info: Found design unit 1: Receiver-rtl
    Info: Found entity 1: Receiver
Info: Found 2 design units, including 1 entities, in source file Splitter.vhd
    Info: Found design unit 1: Splitter-rtl
    Info: Found entity 1: Splitter
Info: Found 2 design units, including 1 entities, in source file DeMUX.vhd
    Info: Found design unit 1: DeMUX-rtl
    Info: Found entity 1: DeMUX
Info: Found 2 design units, including 1 entities, in source file KY_Block.vhd
    Info: Found design unit 1: KY_Block-rtl
    Info: Found entity 1: KY_Block
Info: Found 2 design units, including 1 entities, in source file PK_Block.vhd
    Info: Found design unit 1: PK_Block-rtl
    Info: Found entity 1: PK_Block
Info: Found 2 design units, including 1 entities, in source file RW_Block.vhd
    Info: Found design unit 1: RW_Block-rtl
    Info: Found entity 1: RW_Block
Info: Found 2 design units, including 1 entities, in source file Transmitter.vhd
    Info: Found design unit 1: Transmitter-rtl
    Info: Found entity 1: Transmitter
Info: Elaborating entity "ArchFLT" for the top level hierarchy
Info: Elaborating entity "PK_Block" for hierarchy "PK_Block:inst12"
Info: Elaborating entity "DeMUX" for hierarchy "DeMUX:inst3"
Info: Elaborating entity "Splitter" for hierarchy "Splitter:inst"
Info: Elaborating entity "Receiver" for hierarchy "Receiver:inst1"
Info: Elaborating entity "RW_Block" for hierarchy "RW_Block:inst2"
Info: Elaborating entity "KY_Block" for hierarchy "KY_Block:inst11"
Info: Elaborating entity "Transmitter" for hierarchy "Transmitter:inst4"
Info: Implemented 76 device resources after synthesis - the final resource count might be different
    Info: Implemented 7 input pins
    Info: Implemented 13 output pins
    Info: Implemented 56 logic cells
Info: Quartus II 64-Bit Analysis & Synthesis was successful. 0 errors, 0 warnings
    Info: Peak virtual memory: 4466 megabytes
    Info: Processing ended: Thu Sep 07 14:13:16 2023
    Info: Elapsed time: 00:00:01
    Info: Total CPU time (on all processors): 00:00:01


