Flow report for ArchFLT
Thu Sep 07 14:13:22 2023
Quartus II 64-Bit Version 9.0 Build 235 06/17/2009 Service Pack 2 SJ Full Version


---------------------
; Table of Contents ;
---------------------
  1. Legal Notice
  2. Flow Summary
  3. Flow Settings
  4. Flow Non-Default Global Settings
  5. Flow Elapsed Time
  6. Flow OS Summary
  7. Flow Log



----------------
; Legal Notice ;
----------------
Copyright (C) 1991-2009 Altera Corporation
Your use of Altera Corporation's design tools, logic functions 
and other software and tools, and its AMPP partner logic 
functions, and any output files from any of the foregoing 
(including device programming or simulation files), and any 
associated documentation or information are expressly subject 
to the terms and conditions of the Altera Program License 
Subscription Agreement, Altera MegaCore Function License 
Agreement, or other applicable license agreement, including, 
without limitation, that your use is for the sole purpose of 
programming logic devices manufactured by Altera and sold by 
Altera or its authorized distributors.  Please refer to the 
applicable agreement for further details.



+-------------------------------------------------------------------------------+
; Flow Summary                                                                  ;
+-------------------------------+-----------------------------------------------+
; Flow Status                   ; Successful - Thu Sep 07 14:13:22 2023         ;
; Quartus II 64-Bit Version     ; 9.0 Build 235 06/17/2009 SP 2 SJ Full Version ;
; Revision Name                 ; ArchFLT                                       ;
; Top-level Entity Name         ; ArchFLT                                       ;
; Family                        ; Stratix II                                    ;
; Met timing requirements       ; Yes                                           ;
; Logic utilization             ; < 1 %                                         ;
;     Combinational ALUTs       ; 57 / 12,480 ( < 1 % )                         ;
;     Dedicated logic registers ; 37 / 12,480 ( < 1 % )                         ;
; Total registers               ; 37                                            ;
; Total pins                    ; 20 / 343 ( 6 % )                              ;
; Total virtual pins            ; 0                                             ;
; Total block memory bits       ; 0 / 419,328 ( 0 % )                           ;
; DSP block 9-bit elements      ; 0 / 96 ( 0 % )                                ;
; Total PLLs                    ; 0 / 6 ( 0 % )                                 ;
; Total DLLs                    ; 0 / 2 ( 0 % )                                 ;
; Device                        ; EP2S15F484C3                                  ;
; Timing Models                 ; Final                                         ;
+-------------------------------+-----------------------------------------------+


+-----------------------------------------+
; Flow Settings                           ;
+-------------------+---------------------+
; Option            ; Setting             ;
+-------------------+---------------------+
; Start date & time ; 09/07/2023 14:13:15 ;
; Main task         ; Compilation         ;
; Revision Name     ; ArchFLT             ;
+-------------------+---------------------+


+---------------------------------------------------------------------------------------------------------------------+
; Flow Non-Default Global Settings                                                                                    ;
+------------------------------------+---------------------------------+---------------+-------------+----------------+
; Assignment Name                    ; Value                           ; Default Value ; Entity Name ; Section Id     ;
+------------------------------------+---------------------------------+---------------+-------------+----------------+
; COMPILER_SIGNATURE_ID              ; 198112230589433.169408519506880 ; --            ; --          ; --             ;
; PARTITION_COLOR                    ; 16764057                        ; --            ; --          ; Top            ;
; PARTITION_NETLIST_TYPE             ; SOURCE                          ; --            ; --          ; Top            ;
; USE_GENERATED_PHYSICAL_CONSTRAINTS ; Off                             ; --            ; --          ; eda_blast_fpga ;
+------------------------------------+---------------------------------+---------------+-------------+----------------+


+-----------------------------------------------------------------------------------------------------------------------------+
; Flow Elapsed Time                                                                                                           ;
+-------------------------+--------------+-------------------------+---------------------+------------------------------------+
; Module Name             ; Elapsed Time ; Average Processors Used ; Peak Virtual Memory ; Total CPU Time (on all processors) ;
+-------------------------+--------------+-------------------------+---------------------+------------------------------------+
; Analysis & Synthesis    ; 00:00:01     ; 1.0                     ; 4466 MB             ; 00:00:01                           ;
; Fitter                  ; 00:00:03     ; 1.0                     ; 4534 MB             ; 00:00:02                           ;
; Assembler               ; 00:00:01     ; 1.0                     ; 4416 MB             ; 00:00:01                           ;
; Classic Timing Analyzer ; 00:00:01     ; 1.0                     ; 4358 MB             ; 00:00:00                           ;
; Total                   ; 00:00:06     ; --                      ; --                  ; 00:00:04                           ;
+-------------------------+--------------+-------------------------+---------------------+------------------------------------+


+------------------------------------------------------------------------------------------+
; Flow OS Summary                                                                          ;
+-------------------------+------------------+---------------+------------+----------------+
; Module Name             ; Machine Hostname ; OS Name       ; OS Version ; Processor type ;
+-------------------------+------------------+---------------+------------+----------------+
; Analysis & Synthesis    ; DESKTOP-BR71LQ9  ; Windows Vista ; 6.2        ; x86_64         ;
; Fitter                  ; DESKTOP-BR71LQ9  ; Windows Vista ; 6.2        ; x86_64         ;
; Assembler               ; DESKTOP-BR71LQ9  ; Windows Vista ; 6.2        ; x86_64         ;
; Classic Timing Analyzer ; DESKTOP-BR71LQ9  ; Windows Vista ; 6.2        ; x86_64         ;
+-------------------------+------------------+---------------+------------+----------------+


------------
; Flow Log ;
------------
quartus_map --read_settings_files=on --write_settings_files=off ArchFLT -c ArchFLT
quartus_fit --read_settings_files=off --write_settings_files=off ArchFLT -c ArchFLT
quartus_asm --read_settings_files=off --write_settings_files=off ArchFLT -c ArchFLT
quartus_tan --read_settings_files=off --write_settings_files=off ArchFLT -c ArchFLT --timing_analysis_only



