Classic Timing Analyzer report for ArchFLT
Thu Sep 07 14:13:22 2023
Quartus II 64-Bit Version 9.0 Build 235 06/17/2009 Service Pack 2 SJ Full Version


---------------------
; Table of Contents ;
---------------------
  1. Legal Notice
  2. Timing Analyzer Summary
  3. Timing Analyzer Settings
  4. Clock Settings Summary
  5. Parallel Compilation
  6. Clock Setup: 'clk'
  7. tsu
  8. tco
  9. th
 10. Timing Analyzer Messages



----------------
; Legal Notice ;
----------------
Copyright (C) 1991-2009 Altera Corporation
Your use of Altera Corporation's design tools, logic functions 
and other software and tools, and its AMPP partner logic 
functions, and any output files from any of the foregoing 
(including device programming or simulation files), and any 
associated documentation or information are expressly subject 
to the terms and conditions of the Altera Program License 
Subscription Agreement, Altera MegaCore Function License 
Agreement, or other applicable license agreement, including, 
without limitation, that your use is for the sole purpose of 
programming logic devices manufactured by Altera and sold by 
Altera or its authorized distributors.  Please refer to the 
applicable agreement for further details.



+----------------------------------------------------------------------------------------------------------------------------------------------------------------------------------------------+
; Timing Analyzer Summary                                                                                                                                                                      ;
+------------------------------+-------+---------------+----------------------------------+-----------------------------+-------------------------------+------------+----------+--------------+
; Type                         ; Slack ; Required Time ; Actual Time                      ; From                        ; To                            ; From Clock ; To Clock ; Failed Paths ;
+------------------------------+-------+---------------+----------------------------------+-----------------------------+-------------------------------+------------+----------+--------------+
; Worst-case tsu               ; N/A   ; None          ; 4.837 ns                         ; reset                       ; PK_Block:inst12|PowerOutB4    ; --         ; clk      ; 0            ;
; Worst-case tco               ; N/A   ; None          ; 6.233 ns                         ; PK_Block:inst12|PowerOutB3  ; B3                            ; clk        ; --       ; 0            ;
; Worst-case th                ; N/A   ; None          ; -2.883 ns                        ; on_serviece                 ; Transmitter:inst4|bas_data_TX ; --         ; clk      ; 0            ;
; Clock Setup: 'clk'           ; N/A   ; None          ; 233.43 MHz ( period = 4.284 ns ) ; Receiver:inst1|bas_words[2] ; PK_Block:inst12|PowerOutC4    ; clk        ; clk      ; 0            ;
; Total number of failed paths ;       ;               ;                                  ;                             ;                               ;            ;          ; 0            ;
+------------------------------+-------+---------------+----------------------------------+-----------------------------+-------------------------------+------------+----------+--------------+


+--------------------------------------------------------------------------------------------------------------------+
; Timing Analyzer Settings                                                                                           ;
+---------------------------------------------------------------------+--------------------+------+----+-------------+
; Option                                                              ; Setting            ; From ; To ; Entity Name ;
+---------------------------------------------------------------------+--------------------+------+----+-------------+
; Device Name                                                         ; EP2S15F484C3       ;      ;    ;             ;
; Timing Models                                                       ; Final              ;      ;    ;             ;
; Default hold multicycle                                             ; Same as Multicycle ;      ;    ;             ;
; Cut paths between unrelated clock domains                           ; On                 ;      ;    ;             ;
; Cut off read during write signal paths                              ; On                 ;      ;    ;             ;
; Cut off feedback from I/O pins                                      ; On                 ;      ;    ;             ;
; Report Combined Fast/Slow Timing                                    ; Off                ;      ;    ;             ;
; Ignore Clock Settings                                               ; Off                ;      ;    ;             ;
; Analyze latches as synchronous elements                             ; On                 ;      ;    ;             ;
; Enable Recovery/Removal analysis                                    ; Off                ;      ;    ;             ;
; Enable Clock Latency                                                ; Off                ;      ;    ;             ;
; Use TimeQuest Timing Analyzer                                       ; Off                ;      ;    ;             ;
; Number of source nodes to report per destination node               ; 10                 ;      ;    ;             ;
; Number of destination nodes to report                               ; 10                 ;      ;    ;             ;
; Number of paths to report                                           ; 200                ;      ;    ;             ;
; Report Minimum Timing Checks                                        ; Off                ;      ;    ;             ;
; Use Fast Timing Models                                              ; Off                ;      ;    ;             ;
; Report IO Paths Separately                                          ; Off                ;      ;    ;             ;
; Perform Multicorner Analysis                                        ; On                 ;      ;    ;             ;
; Reports the worst-case path for each clock domain and analysis      ; Off                ;      ;    ;             ;
; Removes common clock path pessimism (CCPP) during slack computation ; Off                ;      ;    ;             ;
; Output I/O Timing Endpoint                                          ; Near End           ;      ;    ;             ;
+---------------------------------------------------------------------+--------------------+------+----+-------------+


+------------------------------------------------------------------------------------------------------------------------------------------------------------------------------------+
; Clock Settings Summary                                                                                                                                                             ;
+-----------------+--------------------+----------+------------------+---------------+--------------+----------+-----------------------+---------------------+--------+--------------+
; Clock Node Name ; Clock Setting Name ; Type     ; Fmax Requirement ; Early Latency ; Late Latency ; Based on ; Multiply Base Fmax by ; Divide Base Fmax by ; Offset ; Phase offset ;
+-----------------+--------------------+----------+------------------+---------------+--------------+----------+-----------------------+---------------------+--------+--------------+
; clk             ;                    ; User Pin ; None             ; 0.000 ns      ; 0.000 ns     ; --       ; N/A                   ; N/A                 ; N/A    ;              ;
+-----------------+--------------------+----------+------------------+---------------+--------------+----------+-----------------------+---------------------+--------+--------------+


+------------------------------------------+
; Parallel Compilation                     ;
+----------------------------+-------------+
; Processors                 ; Number      ;
+----------------------------+-------------+
; Number detected on machine ; 4           ;
; Maximum allowed            ; 4           ;
;                            ;             ;
; Average used               ; 1.00        ;
; Maximum used               ; 1           ;
;                            ;             ;
; Usage by Processor         ; % Time Used ;
;     1 processor            ; 100.0%      ;
;     2-4 processors         ;   0.0%      ;
+----------------------------+-------------+


+---------------------------------------------------------------------------------------------------------------------------------------------------------------------------------------------------------------------------------------------------------------------------------------------+
; Clock Setup: 'clk'                                                                                                                                                                                                                                                                          ;
+-----------------------------------------+-----------------------------------------------------+----------------------------------------+----------------------------------------+------------+----------+-----------------------------+---------------------------+-------------------------+
; Slack                                   ; Actual fmax (period)                                ; From                                   ; To                                     ; From Clock ; To Clock ; Required Setup Relationship ; Required Longest P2P Time ; Actual Longest P2P Time ;
+-----------------------------------------+-----------------------------------------------------+----------------------------------------+----------------------------------------+------------+----------+-----------------------------+---------------------------+-------------------------+
; N/A                                     ; 233.43 MHz ( period = 4.284 ns )                    ; Receiver:inst1|bas_words[2]            ; PK_Block:inst12|PowerOutC4             ; clk        ; clk      ; None                        ; None                      ; 1.961 ns                ;
; N/A                                     ; 233.64 MHz ( period = 4.280 ns )                    ; Receiver:inst1|bas_words[2]            ; PK_Block:inst12|PowerOutC4_2           ; clk        ; clk      ; None                        ; None                      ; 1.959 ns                ;
; N/A                                     ; 236.29 MHz ( period = 4.232 ns )                    ; Receiver:inst1|bas_words[2]            ; PK_Block:inst12|PowerOutB3_2           ; clk        ; clk      ; None                        ; None                      ; 1.935 ns                ;
; N/A                                     ; 240.50 MHz ( period = 4.158 ns )                    ; Receiver:inst1|bas_words[10]           ; PK_Block:inst12|PowerOutB4             ; clk        ; clk      ; None                        ; None                      ; 1.893 ns                ;
; N/A                                     ; 240.62 MHz ( period = 4.156 ns )                    ; Receiver:inst1|bas_words[10]           ; PK_Block:inst12|PowerOutB4_2           ; clk        ; clk      ; None                        ; None                      ; 1.892 ns                ;
; N/A                                     ; 244.98 MHz ( period = 4.082 ns )                    ; Receiver:inst1|bas_words[2]            ; PK_Block:inst12|PowerOutB4             ; clk        ; clk      ; None                        ; None                      ; 1.857 ns                ;
; N/A                                     ; 245.10 MHz ( period = 4.080 ns )                    ; Receiver:inst1|bas_words[2]            ; PK_Block:inst12|PowerOutB4_2           ; clk        ; clk      ; None                        ; None                      ; 1.856 ns                ;
; N/A                                     ; 249.13 MHz ( period = 4.014 ns )                    ; Receiver:inst1|bas_words[1]            ; PK_Block:inst12|PowerOutC4             ; clk        ; clk      ; None                        ; None                      ; 1.826 ns                ;
; N/A                                     ; 249.38 MHz ( period = 4.010 ns )                    ; Receiver:inst1|bas_words[1]            ; PK_Block:inst12|PowerOutC4_2           ; clk        ; clk      ; None                        ; None                      ; 1.824 ns                ;
; N/A                                     ; 252.40 MHz ( period = 3.962 ns )                    ; Receiver:inst1|bas_words[1]            ; PK_Block:inst12|PowerOutB3_2           ; clk        ; clk      ; None                        ; None                      ; 1.800 ns                ;
; N/A                                     ; 254.84 MHz ( period = 3.924 ns )                    ; Receiver:inst1|bas_words[2]            ; PK_Block:inst12|PowerOutD5             ; clk        ; clk      ; None                        ; None                      ; 1.781 ns                ;
; N/A                                     ; 254.84 MHz ( period = 3.924 ns )                    ; Receiver:inst1|bas_words[2]            ; PK_Block:inst12|PowerOutD5_2           ; clk        ; clk      ; None                        ; None                      ; 1.781 ns                ;
; N/A                                     ; 255.62 MHz ( period = 3.912 ns )                    ; Receiver:inst1|bas_words[7]            ; PK_Block:inst12|PowerOutC4             ; clk        ; clk      ; None                        ; None                      ; 1.778 ns                ;
; N/A                                     ; 255.89 MHz ( period = 3.908 ns )                    ; Receiver:inst1|bas_words[7]            ; PK_Block:inst12|PowerOutC4_2           ; clk        ; clk      ; None                        ; None                      ; 1.776 ns                ;
; N/A                                     ; 256.94 MHz ( period = 3.892 ns )                    ; Receiver:inst1|bas_words[10]           ; PK_Block:inst12|PowerOutD5             ; clk        ; clk      ; None                        ; None                      ; 1.763 ns                ;
; N/A                                     ; 257.20 MHz ( period = 3.888 ns )                    ; Receiver:inst1|bas_words[10]           ; PK_Block:inst12|PowerOutD5_2           ; clk        ; clk      ; None                        ; None                      ; 1.761 ns                ;
; N/A                                     ; 257.47 MHz ( period = 3.884 ns )                    ; Receiver:inst1|bas_words[10]           ; PK_Block:inst12|PowerOutC4             ; clk        ; clk      ; None                        ; None                      ; 1.759 ns                ;
; N/A                                     ; 257.73 MHz ( period = 3.880 ns )                    ; Receiver:inst1|bas_words[10]           ; PK_Block:inst12|PowerOutC4_2           ; clk        ; clk      ; None                        ; None                      ; 1.757 ns                ;
; N/A                                     ; 259.07 MHz ( period = 3.860 ns )                    ; Receiver:inst1|bas_words[7]            ; PK_Block:inst12|PowerOutB3_2           ; clk        ; clk      ; None                        ; None                      ; 1.752 ns                ;
; N/A                                     ; 262.33 MHz ( period = 3.812 ns )                    ; Receiver:inst1|bas_words[1]            ; PK_Block:inst12|PowerOutB4             ; clk        ; clk      ; None                        ; None                      ; 1.722 ns                ;
; N/A                                     ; 262.47 MHz ( period = 3.810 ns )                    ; Receiver:inst1|bas_words[1]            ; PK_Block:inst12|PowerOutB4_2           ; clk        ; clk      ; None                        ; None                      ; 1.721 ns                ;
; N/A                                     ; 267.09 MHz ( period = 3.744 ns )                    ; Receiver:inst1|bas_words[11]           ; PK_Block:inst12|PowerOutC4             ; clk        ; clk      ; None                        ; None                      ; 1.694 ns                ;
; N/A                                     ; 267.38 MHz ( period = 3.740 ns )                    ; Receiver:inst1|bas_words[2]            ; PK_Block:inst12|PowerOutB3             ; clk        ; clk      ; None                        ; None                      ; 1.686 ns                ;
; N/A                                     ; 267.38 MHz ( period = 3.740 ns )                    ; Receiver:inst1|bas_words[11]           ; PK_Block:inst12|PowerOutC4_2           ; clk        ; clk      ; None                        ; None                      ; 1.692 ns                ;
; N/A                                     ; 268.10 MHz ( period = 3.730 ns )                    ; Receiver:inst1|bas_words[13]           ; PK_Block:inst12|PowerOutB3_2           ; clk        ; clk      ; None                        ; None                      ; 1.682 ns                ;
; N/A                                     ; 269.54 MHz ( period = 3.710 ns )                    ; Receiver:inst1|bas_words[7]            ; PK_Block:inst12|PowerOutB4             ; clk        ; clk      ; None                        ; None                      ; 1.674 ns                ;
; N/A                                     ; 269.69 MHz ( period = 3.708 ns )                    ; Receiver:inst1|bas_words[7]            ; PK_Block:inst12|PowerOutB4_2           ; clk        ; clk      ; None                        ; None                      ; 1.673 ns                ;
; N/A                                     ; 269.83 MHz ( period = 3.706 ns )                    ; Receiver:inst1|bas_words[10]           ; PK_Block:inst12|PowerOutB3_2           ; clk        ; clk      ; None                        ; None                      ; 1.670 ns                ;
; N/A                                     ; 270.42 MHz ( period = 3.698 ns )                    ; Receiver:inst1|bas_words[11]           ; PK_Block:inst12|PowerOutB4             ; clk        ; clk      ; None                        ; None                      ; 1.668 ns                ;
; N/A                                     ; 270.56 MHz ( period = 3.696 ns )                    ; Receiver:inst1|bas_words[11]           ; PK_Block:inst12|PowerOutB4_2           ; clk        ; clk      ; None                        ; None                      ; 1.667 ns                ;
; N/A                                     ; 270.71 MHz ( period = 3.694 ns )                    ; Receiver:inst1|bas_words[12]           ; PK_Block:inst12|PowerOutB3_2           ; clk        ; clk      ; None                        ; None                      ; 1.664 ns                ;
; N/A                                     ; 270.86 MHz ( period = 3.692 ns )                    ; Receiver:inst1|bas_words[11]           ; PK_Block:inst12|PowerOutB3_2           ; clk        ; clk      ; None                        ; None                      ; 1.668 ns                ;
; N/A                                     ; 273.67 MHz ( period = 3.654 ns )                    ; Receiver:inst1|bas_words[1]            ; PK_Block:inst12|PowerOutD5             ; clk        ; clk      ; None                        ; None                      ; 1.646 ns                ;
; N/A                                     ; 273.67 MHz ( period = 3.654 ns )                    ; Receiver:inst1|bas_words[1]            ; PK_Block:inst12|PowerOutD5_2           ; clk        ; clk      ; None                        ; None                      ; 1.646 ns                ;
; N/A                                     ; 278.09 MHz ( period = 3.596 ns )                    ; Receiver:inst1|bas_words[10]           ; KY_Block:inst11|KY3                    ; clk        ; clk      ; None                        ; None                      ; 1.615 ns                ;
; N/A                                     ; 279.96 MHz ( period = 3.572 ns )                    ; Receiver:inst1|bas_words[13]           ; PK_Block:inst12|PowerOutB4             ; clk        ; clk      ; None                        ; None                      ; 1.600 ns                ;
; N/A                                     ; 280.11 MHz ( period = 3.570 ns )                    ; Receiver:inst1|bas_words[13]           ; PK_Block:inst12|PowerOutB4_2           ; clk        ; clk      ; None                        ; None                      ; 1.599 ns                ;
; N/A                                     ; 281.37 MHz ( period = 3.554 ns )                    ; Receiver:inst1|bas_words[13]           ; PK_Block:inst12|PowerOutB3             ; clk        ; clk      ; None                        ; None                      ; 1.591 ns                ;
; N/A                                     ; 281.53 MHz ( period = 3.552 ns )                    ; Receiver:inst1|bas_words[7]            ; PK_Block:inst12|PowerOutD5             ; clk        ; clk      ; None                        ; None                      ; 1.598 ns                ;
; N/A                                     ; 281.53 MHz ( period = 3.552 ns )                    ; Receiver:inst1|bas_words[7]            ; PK_Block:inst12|PowerOutD5_2           ; clk        ; clk      ; None                        ; None                      ; 1.598 ns                ;
; N/A                                     ; 282.81 MHz ( period = 3.536 ns )                    ; Receiver:inst1|bas_words[12]           ; PK_Block:inst12|PowerOutB4             ; clk        ; clk      ; None                        ; None                      ; 1.582 ns                ;
; N/A                                     ; 282.97 MHz ( period = 3.534 ns )                    ; Receiver:inst1|bas_words[12]           ; PK_Block:inst12|PowerOutB4_2           ; clk        ; clk      ; None                        ; None                      ; 1.581 ns                ;
; N/A                                     ; 283.29 MHz ( period = 3.530 ns )                    ; Receiver:inst1|bas_words[10]           ; PK_Block:inst12|PowerOutB3             ; clk        ; clk      ; None                        ; None                      ; 1.579 ns                ;
; N/A                                     ; 284.25 MHz ( period = 3.518 ns )                    ; Receiver:inst1|bas_words[12]           ; PK_Block:inst12|PowerOutB3             ; clk        ; clk      ; None                        ; None                      ; 1.573 ns                ;
; N/A                                     ; 286.53 MHz ( period = 3.490 ns )                    ; Receiver:inst1|bas_words[0]            ; PK_Block:inst12|PowerOutB3             ; clk        ; clk      ; None                        ; None                      ; 1.558 ns                ;
; N/A                                     ; 286.53 MHz ( period = 3.490 ns )                    ; Receiver:inst1|bas_words[0]            ; PK_Block:inst12|PowerOutB4             ; clk        ; clk      ; None                        ; None                      ; 1.558 ns                ;
; N/A                                     ; 286.70 MHz ( period = 3.488 ns )                    ; Receiver:inst1|bas_words[0]            ; PK_Block:inst12|PowerOutB4_2           ; clk        ; clk      ; None                        ; None                      ; 1.557 ns                ;
; N/A                                     ; 288.18 MHz ( period = 3.470 ns )                    ; Receiver:inst1|bas_words[1]            ; PK_Block:inst12|PowerOutB3             ; clk        ; clk      ; None                        ; None                      ; 1.551 ns                ;
; N/A                                     ; 290.87 MHz ( period = 3.438 ns )                    ; Receiver:inst1|bas_words[10]           ; KY_Block:inst11|KY2                    ; clk        ; clk      ; None                        ; None                      ; 1.530 ns                ;
; N/A                                     ; 291.38 MHz ( period = 3.432 ns )                    ; Receiver:inst1|bas_words[11]           ; PK_Block:inst12|PowerOutD5             ; clk        ; clk      ; None                        ; None                      ; 1.538 ns                ;
; N/A                                     ; 291.72 MHz ( period = 3.428 ns )                    ; Receiver:inst1|bas_words[11]           ; PK_Block:inst12|PowerOutD5_2           ; clk        ; clk      ; None                        ; None                      ; 1.536 ns                ;
; N/A                                     ; 292.74 MHz ( period = 3.416 ns )                    ; Receiver:inst1|bas_words[9]            ; PK_Block:inst12|PowerOutB3_2           ; clk        ; clk      ; None                        ; None                      ; 1.525 ns                ;
; N/A                                     ; 293.43 MHz ( period = 3.408 ns )                    ; Receiver:inst1|bas_words[14]           ; PK_Block:inst12|PowerOutB3_2           ; clk        ; clk      ; None                        ; None                      ; 1.521 ns                ;
; N/A                                     ; 293.77 MHz ( period = 3.404 ns )                    ; Receiver:inst1|bas_words[7]            ; KY_Block:inst11|KY1                    ; clk        ; clk      ; None                        ; None                      ; 1.523 ns                ;
; N/A                                     ; 294.99 MHz ( period = 3.390 ns )                    ; Receiver:inst1|bas_words[9]            ; PK_Block:inst12|PowerOutB4             ; clk        ; clk      ; None                        ; None                      ; 1.509 ns                ;
; N/A                                     ; 295.16 MHz ( period = 3.388 ns )                    ; Receiver:inst1|bas_words[9]            ; PK_Block:inst12|PowerOutB4_2           ; clk        ; clk      ; None                        ; None                      ; 1.508 ns                ;
; N/A                                     ; 296.91 MHz ( period = 3.368 ns )                    ; Receiver:inst1|bas_words[7]            ; PK_Block:inst12|PowerOutB3             ; clk        ; clk      ; None                        ; None                      ; 1.503 ns                ;
; N/A                                     ; 301.93 MHz ( period = 3.312 ns )                    ; Receiver:inst1|bas_words[15]           ; PK_Block:inst12|PowerOutB4             ; clk        ; clk      ; None                        ; None                      ; 1.475 ns                ;
; N/A                                     ; 302.11 MHz ( period = 3.310 ns )                    ; Receiver:inst1|bas_words[4]            ; PK_Block:inst12|PowerOutC4             ; clk        ; clk      ; None                        ; None                      ; 1.471 ns                ;
; N/A                                     ; 302.11 MHz ( period = 3.310 ns )                    ; Receiver:inst1|bas_words[15]           ; PK_Block:inst12|PowerOutB4_2           ; clk        ; clk      ; None                        ; None                      ; 1.474 ns                ;
; N/A                                     ; 302.48 MHz ( period = 3.306 ns )                    ; Receiver:inst1|bas_words[4]            ; PK_Block:inst12|PowerOutC4_2           ; clk        ; clk      ; None                        ; None                      ; 1.469 ns                ;
; N/A                                     ; 302.48 MHz ( period = 3.306 ns )                    ; Receiver:inst1|bas_words[9]            ; KY_Block:inst11|KY3                    ; clk        ; clk      ; None                        ; None                      ; 1.470 ns                ;
; N/A                                     ; 306.94 MHz ( period = 3.258 ns )                    ; Receiver:inst1|bas_words[4]            ; PK_Block:inst12|PowerOutB3_2           ; clk        ; clk      ; None                        ; None                      ; 1.445 ns                ;
; N/A                                     ; 307.69 MHz ( period = 3.250 ns )                    ; Receiver:inst1|bas_words[14]           ; PK_Block:inst12|PowerOutB4             ; clk        ; clk      ; None                        ; None                      ; 1.439 ns                ;
; N/A                                     ; 307.88 MHz ( period = 3.248 ns )                    ; Receiver:inst1|bas_words[8]            ; PK_Block:inst12|PowerOutD5             ; clk        ; clk      ; None                        ; None                      ; 1.440 ns                ;
; N/A                                     ; 307.88 MHz ( period = 3.248 ns )                    ; Receiver:inst1|bas_words[14]           ; PK_Block:inst12|PowerOutB4_2           ; clk        ; clk      ; None                        ; None                      ; 1.438 ns                ;
; N/A                                     ; 308.26 MHz ( period = 3.244 ns )                    ; Receiver:inst1|bas_words[8]            ; PK_Block:inst12|PowerOutD5_2           ; clk        ; clk      ; None                        ; None                      ; 1.438 ns                ;
; N/A                                     ; 308.45 MHz ( period = 3.242 ns )                    ; Receiver:inst1|bas_words[8]            ; PK_Block:inst12|PowerOutC4             ; clk        ; clk      ; None                        ; None                      ; 1.437 ns                ;
; N/A                                     ; 308.64 MHz ( period = 3.240 ns )                    ; Receiver:inst1|bas_words[9]            ; PK_Block:inst12|PowerOutB3             ; clk        ; clk      ; None                        ; None                      ; 1.434 ns                ;
; N/A                                     ; 308.83 MHz ( period = 3.238 ns )                    ; Receiver:inst1|bas_words[8]            ; PK_Block:inst12|PowerOutC4_2           ; clk        ; clk      ; None                        ; None                      ; 1.435 ns                ;
; N/A                                     ; 309.02 MHz ( period = 3.236 ns )                    ; Receiver:inst1|bas_words[7]            ; Transmitter:inst4|bas_signal[0]        ; clk        ; clk      ; None                        ; None                      ; 1.434 ns                ;
; N/A                                     ; 309.02 MHz ( period = 3.236 ns )                    ; Receiver:inst1|bas_words[7]            ; Transmitter:inst4|bas_data_TX          ; clk        ; clk      ; None                        ; None                      ; 1.434 ns                ;
; N/A                                     ; 309.41 MHz ( period = 3.232 ns )                    ; Receiver:inst1|bas_words[14]           ; PK_Block:inst12|PowerOutB3             ; clk        ; clk      ; None                        ; None                      ; 1.430 ns                ;
; N/A                                     ; 309.41 MHz ( period = 3.232 ns )                    ; Receiver:inst1|bas_words[8]            ; PK_Block:inst12|PowerOutB3_2           ; clk        ; clk      ; None                        ; None                      ; 1.432 ns                ;
; N/A                                     ; 312.50 MHz ( period = 3.200 ns )                    ; Receiver:inst1|bas_words[11]           ; PK_Block:inst12|PowerOutB3             ; clk        ; clk      ; None                        ; None                      ; 1.419 ns                ;
; N/A                                     ; 312.50 MHz ( period = 3.200 ns )                    ; Receiver:inst1|bas_words[7]            ; KY_Block:inst11|KY2                    ; clk        ; clk      ; None                        ; None                      ; 1.416 ns                ;
; N/A                                     ; 314.07 MHz ( period = 3.184 ns )                    ; Receiver:inst1|bas_words[12]           ; PK_Block:inst12|PowerOutD5             ; clk        ; clk      ; None                        ; None                      ; 1.409 ns                ;
; N/A                                     ; 314.47 MHz ( period = 3.180 ns )                    ; Receiver:inst1|bas_words[0]            ; PK_Block:inst12|PowerOutB3_2           ; clk        ; clk      ; None                        ; None                      ; 1.406 ns                ;
; N/A                                     ; 314.47 MHz ( period = 3.180 ns )                    ; Receiver:inst1|bas_words[12]           ; PK_Block:inst12|PowerOutD5_2           ; clk        ; clk      ; None                        ; None                      ; 1.407 ns                ;
; N/A                                     ; 314.66 MHz ( period = 3.178 ns )                    ; Receiver:inst1|bas_words[12]           ; PK_Block:inst12|PowerOutC4             ; clk        ; clk      ; None                        ; None                      ; 1.406 ns                ;
; N/A                                     ; 315.06 MHz ( period = 3.174 ns )                    ; Receiver:inst1|bas_words[12]           ; PK_Block:inst12|PowerOutC4_2           ; clk        ; clk      ; None                        ; None                      ; 1.404 ns                ;
; N/A                                     ; 316.46 MHz ( period = 3.160 ns )                    ; Receiver:inst1|bas_words[14]           ; PK_Block:inst12|PowerOutC4             ; clk        ; clk      ; None                        ; None                      ; 1.397 ns                ;
; N/A                                     ; 316.66 MHz ( period = 3.158 ns )                    ; Receiver:inst1|bas_words[14]           ; PK_Block:inst12|PowerOutD5             ; clk        ; clk      ; None                        ; None                      ; 1.396 ns                ;
; N/A                                     ; 316.86 MHz ( period = 3.156 ns )                    ; Receiver:inst1|bas_words[14]           ; PK_Block:inst12|PowerOutC4_2           ; clk        ; clk      ; None                        ; None                      ; 1.395 ns                ;
; N/A                                     ; 317.06 MHz ( period = 3.154 ns )                    ; Receiver:inst1|bas_words[14]           ; PK_Block:inst12|PowerOutD5_2           ; clk        ; clk      ; None                        ; None                      ; 1.394 ns                ;
; N/A                                     ; 317.66 MHz ( period = 3.148 ns )                    ; Receiver:inst1|bas_words[9]            ; KY_Block:inst11|KY2                    ; clk        ; clk      ; None                        ; None                      ; 1.385 ns                ;
; N/A                                     ; 320.10 MHz ( period = 3.124 ns )                    ; Receiver:inst1|bas_words[9]            ; PK_Block:inst12|PowerOutD5             ; clk        ; clk      ; None                        ; None                      ; 1.379 ns                ;
; N/A                                     ; 320.51 MHz ( period = 3.120 ns )                    ; Receiver:inst1|bas_words[9]            ; PK_Block:inst12|PowerOutD5_2           ; clk        ; clk      ; None                        ; None                      ; 1.377 ns                ;
; N/A                                     ; 320.92 MHz ( period = 3.116 ns )                    ; Receiver:inst1|bas_words[9]            ; PK_Block:inst12|PowerOutC4             ; clk        ; clk      ; None                        ; None                      ; 1.375 ns                ;
; N/A                                     ; 321.34 MHz ( period = 3.112 ns )                    ; Receiver:inst1|bas_words[9]            ; PK_Block:inst12|PowerOutC4_2           ; clk        ; clk      ; None                        ; None                      ; 1.373 ns                ;
; N/A                                     ; 321.75 MHz ( period = 3.108 ns )                    ; Receiver:inst1|bas_words[4]            ; PK_Block:inst12|PowerOutB4             ; clk        ; clk      ; None                        ; None                      ; 1.367 ns                ;
; N/A                                     ; 321.96 MHz ( period = 3.106 ns )                    ; Receiver:inst1|bas_words[4]            ; PK_Block:inst12|PowerOutB4_2           ; clk        ; clk      ; None                        ; None                      ; 1.366 ns                ;
; N/A                                     ; 322.16 MHz ( period = 3.104 ns )                    ; Receiver:inst1|bas_words[11]           ; KY_Block:inst11|KY1                    ; clk        ; clk      ; None                        ; None                      ; 1.373 ns                ;
; N/A                                     ; 323.83 MHz ( period = 3.088 ns )                    ; Receiver:inst1|bas_words[7]            ; Transmitter:inst4|bas_signal[3]        ; clk        ; clk      ; None                        ; None                      ; 1.360 ns                ;
; N/A                                     ; 327.23 MHz ( period = 3.056 ns )                    ; Receiver:inst1|bas_words[8]            ; PK_Block:inst12|PowerOutB3             ; clk        ; clk      ; None                        ; None                      ; 1.341 ns                ;
; N/A                                     ; 328.30 MHz ( period = 3.046 ns )                    ; Receiver:inst1|bas_words[15]           ; PK_Block:inst12|PowerOutD5             ; clk        ; clk      ; None                        ; None                      ; 1.345 ns                ;
; N/A                                     ; 328.73 MHz ( period = 3.042 ns )                    ; Receiver:inst1|bas_words[15]           ; PK_Block:inst12|PowerOutD5_2           ; clk        ; clk      ; None                        ; None                      ; 1.343 ns                ;
; N/A                                     ; 329.16 MHz ( period = 3.038 ns )                    ; Receiver:inst1|bas_words[15]           ; PK_Block:inst12|PowerOutC4             ; clk        ; clk      ; None                        ; None                      ; 1.341 ns                ;
; N/A                                     ; 329.60 MHz ( period = 3.034 ns )                    ; Receiver:inst1|bas_words[15]           ; PK_Block:inst12|PowerOutC4_2           ; clk        ; clk      ; None                        ; None                      ; 1.339 ns                ;
; N/A                                     ; 338.98 MHz ( period = 2.950 ns )                    ; Receiver:inst1|bas_words[4]            ; PK_Block:inst12|PowerOutD5             ; clk        ; clk      ; None                        ; None                      ; 1.291 ns                ;
; N/A                                     ; 338.98 MHz ( period = 2.950 ns )                    ; Receiver:inst1|bas_words[4]            ; PK_Block:inst12|PowerOutD5_2           ; clk        ; clk      ; None                        ; None                      ; 1.291 ns                ;
; N/A                                     ; 339.21 MHz ( period = 2.948 ns )                    ; Receiver:inst1|bas_words[0]            ; PK_Block:inst12|PowerOutC4             ; clk        ; clk      ; None                        ; None                      ; 1.290 ns                ;
; N/A                                     ; 339.21 MHz ( period = 2.948 ns )                    ; Receiver:inst1|bas_words[0]            ; PK_Block:inst12|PowerOutD5             ; clk        ; clk      ; None                        ; None                      ; 1.290 ns                ;
; N/A                                     ; 339.44 MHz ( period = 2.946 ns )                    ; Receiver:inst1|bas_words[0]            ; PK_Block:inst12|PowerOutC4_2           ; clk        ; clk      ; None                        ; None                      ; 1.289 ns                ;
; N/A                                     ; 339.44 MHz ( period = 2.946 ns )                    ; Receiver:inst1|bas_words[0]            ; PK_Block:inst12|PowerOutD5_2           ; clk        ; clk      ; None                        ; None                      ; 1.289 ns                ;
; N/A                                     ; 341.30 MHz ( period = 2.930 ns )                    ; Receiver:inst1|bas_words[3]            ; PK_Block:inst12|PowerOutC4             ; clk        ; clk      ; None                        ; None                      ; 1.287 ns                ;
; N/A                                     ; 341.76 MHz ( period = 2.926 ns )                    ; Receiver:inst1|bas_words[3]            ; PK_Block:inst12|PowerOutC4_2           ; clk        ; clk      ; None                        ; None                      ; 1.285 ns                ;
; N/A                                     ; 347.46 MHz ( period = 2.878 ns )                    ; Receiver:inst1|bas_words[3]            ; PK_Block:inst12|PowerOutB3_2           ; clk        ; clk      ; None                        ; None                      ; 1.261 ns                ;
; N/A                                     ; 349.65 MHz ( period = 2.860 ns )                    ; Receiver:inst1|bas_words[8]            ; KY_Block:inst11|KY1                    ; clk        ; clk      ; None                        ; None                      ; 1.245 ns                ;
; N/A                                     ; 350.88 MHz ( period = 2.850 ns )                    ; Receiver:inst1|bas_words[11]           ; KY_Block:inst11|KY2                    ; clk        ; clk      ; None                        ; None                      ; 1.241 ns                ;
; N/A                                     ; 358.94 MHz ( period = 2.786 ns )                    ; Receiver:inst1|bas_words[13]~DUPLICATE ; PK_Block:inst12|PowerOutD5             ; clk        ; clk      ; None                        ; None                      ; 1.210 ns                ;
; N/A                                     ; 359.45 MHz ( period = 2.782 ns )                    ; Receiver:inst1|bas_words[13]~DUPLICATE ; PK_Block:inst12|PowerOutC4             ; clk        ; clk      ; None                        ; None                      ; 1.208 ns                ;
; N/A                                     ; 359.45 MHz ( period = 2.782 ns )                    ; Receiver:inst1|bas_words[13]~DUPLICATE ; PK_Block:inst12|PowerOutD5_2           ; clk        ; clk      ; None                        ; None                      ; 1.208 ns                ;
; N/A                                     ; 359.97 MHz ( period = 2.778 ns )                    ; Receiver:inst1|bas_words[13]~DUPLICATE ; PK_Block:inst12|PowerOutC4_2           ; clk        ; clk      ; None                        ; None                      ; 1.206 ns                ;
; N/A                                     ; 359.97 MHz ( period = 2.778 ns )                    ; Receiver:inst1|bas_words[10]           ; KY_Block:inst11|KY7                    ; clk        ; clk      ; None                        ; None                      ; 1.206 ns                ;
; N/A                                     ; 361.53 MHz ( period = 2.766 ns )                    ; Receiver:inst1|bas_words[4]            ; PK_Block:inst12|PowerOutB3             ; clk        ; clk      ; None                        ; None                      ; 1.196 ns                ;
; N/A                                     ; 361.79 MHz ( period = 2.764 ns )                    ; Receiver:inst1|bas_words[7]            ; Transmitter:inst4|bas_signal[2]        ; clk        ; clk      ; None                        ; None                      ; 1.198 ns                ;
; N/A                                     ; 362.84 MHz ( period = 2.756 ns )                    ; Receiver:inst1|bas_words[7]            ; Transmitter:inst4|bas_signal[1]        ; clk        ; clk      ; None                        ; None                      ; 1.194 ns                ;
; N/A                                     ; 362.84 MHz ( period = 2.756 ns )                    ; Receiver:inst1|bas_words[6]            ; PK_Block:inst12|PowerOutB3             ; clk        ; clk      ; None                        ; None                      ; 1.191 ns                ;
; N/A                                     ; 362.84 MHz ( period = 2.756 ns )                    ; Receiver:inst1|bas_words[6]            ; PK_Block:inst12|PowerOutB4             ; clk        ; clk      ; None                        ; None                      ; 1.191 ns                ;
; N/A                                     ; 362.84 MHz ( period = 2.756 ns )                    ; Receiver:inst1|bas_words[6]            ; PK_Block:inst12|PowerOutB4_2           ; clk        ; clk      ; None                        ; None                      ; 1.191 ns                ;
; N/A                                     ; 366.57 MHz ( period = 2.728 ns )                    ; Receiver:inst1|bas_words[3]            ; PK_Block:inst12|PowerOutB4             ; clk        ; clk      ; None                        ; None                      ; 1.183 ns                ;
; N/A                                     ; 366.57 MHz ( period = 2.728 ns )                    ; Receiver:inst1|bas_words[7]            ; KY_Block:inst11|KY7                    ; clk        ; clk      ; None                        ; None                      ; 1.186 ns                ;
; N/A                                     ; 366.84 MHz ( period = 2.726 ns )                    ; Receiver:inst1|bas_words[3]            ; PK_Block:inst12|PowerOutB4_2           ; clk        ; clk      ; None                        ; None                      ; 1.182 ns                ;
; N/A                                     ; 367.11 MHz ( period = 2.724 ns )                    ; Receiver:inst1|bas_words[7]            ; KY_Block:inst11|KY3                    ; clk        ; clk      ; None                        ; None                      ; 1.184 ns                ;
; N/A                                     ; 373.41 MHz ( period = 2.678 ns )                    ; Receiver:inst1|bas_words[8]            ; PK_Block:inst12|PowerOutB4             ; clk        ; clk      ; None                        ; None                      ; 1.152 ns                ;
; N/A                                     ; 373.69 MHz ( period = 2.676 ns )                    ; Receiver:inst1|bas_words[8]            ; PK_Block:inst12|PowerOutB4_2           ; clk        ; clk      ; None                        ; None                      ; 1.151 ns                ;
; N/A                                     ; 374.25 MHz ( period = 2.672 ns )                    ; Receiver:inst1|bas_words[9]            ; KY_Block:inst11|KY7                    ; clk        ; clk      ; None                        ; None                      ; 1.153 ns                ;
; N/A                                     ; 385.51 MHz ( period = 2.594 ns )                    ; Receiver:inst1|bas_words[15]           ; PK_Block:inst12|PowerOutB3_2           ; clk        ; clk      ; None                        ; None                      ; 1.119 ns                ;
; N/A                                     ; 389.11 MHz ( period = 2.570 ns )                    ; Receiver:inst1|bas_words[3]            ; PK_Block:inst12|PowerOutD5             ; clk        ; clk      ; None                        ; None                      ; 1.107 ns                ;
; N/A                                     ; 389.11 MHz ( period = 2.570 ns )                    ; Receiver:inst1|bas_words[3]            ; PK_Block:inst12|PowerOutD5_2           ; clk        ; clk      ; None                        ; None                      ; 1.107 ns                ;
; N/A                                     ; 391.54 MHz ( period = 2.554 ns )                    ; Receiver:inst1|bas_words[6]            ; KY_Block:inst11|KY2                    ; clk        ; clk      ; None                        ; None                      ; 1.087 ns                ;
; N/A                                     ; 397.77 MHz ( period = 2.514 ns )                    ; Receiver:inst1|bas_words[6]            ; PK_Block:inst12|PowerOutC4             ; clk        ; clk      ; None                        ; None                      ; 1.073 ns                ;
; N/A                                     ; 397.77 MHz ( period = 2.514 ns )                    ; Receiver:inst1|bas_words[6]            ; PK_Block:inst12|PowerOutD5             ; clk        ; clk      ; None                        ; None                      ; 1.073 ns                ;
; N/A                                     ; 398.41 MHz ( period = 2.510 ns )                    ; Receiver:inst1|bas_words[6]            ; PK_Block:inst12|PowerOutC4_2           ; clk        ; clk      ; None                        ; None                      ; 1.071 ns                ;
; N/A                                     ; 398.41 MHz ( period = 2.510 ns )                    ; Receiver:inst1|bas_words[6]            ; PK_Block:inst12|PowerOutD5_2           ; clk        ; clk      ; None                        ; None                      ; 1.071 ns                ;
; N/A                                     ; 400.00 MHz ( period = 2.500 ns )                    ; Receiver:inst1|bas_words[6]            ; PK_Block:inst12|PowerOutB3_2           ; clk        ; clk      ; None                        ; None                      ; 1.066 ns                ;
; N/A                                     ; 400.96 MHz ( period = 2.494 ns )                    ; Receiver:inst1|bas_words[9]            ; KY_Block:inst11|KY1                    ; clk        ; clk      ; None                        ; None                      ; 1.063 ns                ;
; N/A                                     ; 403.88 MHz ( period = 2.476 ns )                    ; Receiver:inst1|bas_words[8]            ; KY_Block:inst11|KY2                    ; clk        ; clk      ; None                        ; None                      ; 1.048 ns                ;
; N/A                                     ; 407.83 MHz ( period = 2.452 ns )                    ; Receiver:inst1|bas_words[6]            ; KY_Block:inst11|KY1                    ; clk        ; clk      ; None                        ; None                      ; 1.041 ns                ;
; N/A                                     ; 411.86 MHz ( period = 2.428 ns )                    ; Receiver:inst1|bas_words[11]           ; KY_Block:inst11|KY7                    ; clk        ; clk      ; None                        ; None                      ; 1.036 ns                ;
; N/A                                     ; 412.54 MHz ( period = 2.424 ns )                    ; Receiver:inst1|bas_words[11]           ; KY_Block:inst11|KY3                    ; clk        ; clk      ; None                        ; None                      ; 1.034 ns                ;
; N/A                                     ; 413.56 MHz ( period = 2.418 ns )                    ; Receiver:inst1|bas_words[15]           ; PK_Block:inst12|PowerOutB3             ; clk        ; clk      ; None                        ; None                      ; 1.028 ns                ;
; N/A                                     ; 419.11 MHz ( period = 2.386 ns )                    ; Receiver:inst1|bas_words[3]            ; PK_Block:inst12|PowerOutB3             ; clk        ; clk      ; None                        ; None                      ; 1.012 ns                ;
; N/A                                     ; 457.88 MHz ( period = 2.184 ns )                    ; Receiver:inst1|bas_words[8]            ; KY_Block:inst11|KY7                    ; clk        ; clk      ; None                        ; None                      ; 0.908 ns                ;
; N/A                                     ; 458.72 MHz ( period = 2.180 ns )                    ; Receiver:inst1|bas_words[8]            ; KY_Block:inst11|KY3                    ; clk        ; clk      ; None                        ; None                      ; 0.906 ns                ;
; N/A                                     ; 489.72 MHz ( period = 2.042 ns )                    ; Receiver:inst1|bas_signal[3]           ; Receiver:inst1|bas_words[0]            ; clk        ; clk      ; None                        ; None                      ; 1.864 ns                ;
; N/A                                     ; 491.64 MHz ( period = 2.034 ns )                    ; Receiver:inst1|bas_signal[3]           ; Receiver:inst1|bas_words[1]            ; clk        ; clk      ; None                        ; None                      ; 1.853 ns                ;
; N/A                                     ; 493.58 MHz ( period = 2.026 ns )                    ; Receiver:inst1|bas_words[6]            ; KY_Block:inst11|KY7                    ; clk        ; clk      ; None                        ; None                      ; 0.829 ns                ;
; N/A                                     ; Restricted to 500.00 MHz ( period = 2.000 ns )      ; Receiver:inst1|bas_signal[0]           ; Receiver:inst1|bas_words[4]            ; clk        ; clk      ; None                        ; None                      ; 1.814 ns                ;
; N/A                                     ; Restricted to 500.00 MHz ( period = 2.000 ns )      ; Receiver:inst1|bas_signal[0]           ; Receiver:inst1|bas_words[0]            ; clk        ; clk      ; None                        ; None                      ; 1.799 ns                ;
; N/A                                     ; Restricted to 500.00 MHz ( period = 2.000 ns )      ; Receiver:inst1|bas_signal[0]           ; Receiver:inst1|bas_words[8]            ; clk        ; clk      ; None                        ; None                      ; 1.798 ns                ;
; N/A                                     ; Restricted to 500.00 MHz ( period = 2.000 ns )      ; Receiver:inst1|bas_words[10]           ; KY_Block:inst11|KY1                    ; clk        ; clk      ; None                        ; None                      ; 0.784 ns                ;
; N/A                                     ; Restricted to 500.00 MHz ( period = 2.000 ns )      ; Receiver:inst1|bas_signal[0]           ; Receiver:inst1|bas_words[6]            ; clk        ; clk      ; None                        ; None                      ; 1.676 ns                ;
; N/A                                     ; Restricted to 500.00 MHz ( period = 2.000 ns )      ; Receiver:inst1|bas_signal[1]           ; Receiver:inst1|bas_words[3]            ; clk        ; clk      ; None                        ; None                      ; 1.663 ns                ;
; N/A                                     ; Restricted to 500.00 MHz ( period = 2.000 ns )      ; Receiver:inst1|bas_signal[1]           ; Receiver:inst1|bas_words[7]            ; clk        ; clk      ; None                        ; None                      ; 1.650 ns                ;
; N/A                                     ; Restricted to 500.00 MHz ( period = 2.000 ns )      ; Receiver:inst1|bas_signal[3]           ; Receiver:inst1|bas_words[4]            ; clk        ; clk      ; None                        ; None                      ; 1.655 ns                ;
; N/A                                     ; Restricted to 500.00 MHz ( period = 2.000 ns )      ; Receiver:inst1|bas_signal[3]           ; Receiver:inst1|bas_words[6]            ; clk        ; clk      ; None                        ; None                      ; 1.650 ns                ;
; N/A                                     ; Restricted to 500.00 MHz ( period = 2.000 ns )      ; Receiver:inst1|bas_signal[1]           ; Receiver:inst1|bas_words[4]            ; clk        ; clk      ; None                        ; None                      ; 1.639 ns                ;
; N/A                                     ; Restricted to 500.00 MHz ( period = 2.000 ns )      ; Receiver:inst1|bas_signal[3]           ; Receiver:inst1|bas_words[2]            ; clk        ; clk      ; None                        ; None                      ; 1.641 ns                ;
; N/A                                     ; Restricted to 500.00 MHz ( period = 2.000 ns )      ; Receiver:inst1|bas_signal[3]           ; Receiver:inst1|bas_words[7]            ; clk        ; clk      ; None                        ; None                      ; 1.631 ns                ;
; N/A                                     ; Restricted to 500.00 MHz ( period = 2.000 ns )      ; Receiver:inst1|bas_signal[3]           ; Receiver:inst1|bas_words[3]            ; clk        ; clk      ; None                        ; None                      ; 1.629 ns                ;
; N/A                                     ; Restricted to 500.00 MHz ( period = 2.000 ns )      ; Receiver:inst1|bas_signal[1]           ; Receiver:inst1|bas_words[6]            ; clk        ; clk      ; None                        ; None                      ; 1.628 ns                ;
; N/A                                     ; Restricted to 500.00 MHz ( period = 2.000 ns )      ; Receiver:inst1|bas_signal[1]           ; Receiver:inst1|bas_words[0]            ; clk        ; clk      ; None                        ; None                      ; 1.624 ns                ;
; N/A                                     ; Restricted to 500.00 MHz ( period = 2.000 ns )      ; Receiver:inst1|bas_signal[1]           ; Receiver:inst1|bas_words[8]            ; clk        ; clk      ; None                        ; None                      ; 1.623 ns                ;
; N/A                                     ; Restricted to 500.00 MHz ( period = 2.000 ns )      ; Receiver:inst1|bas_words[6]            ; KY_Block:inst11|KY3                    ; clk        ; clk      ; None                        ; None                      ; 0.663 ns                ;
; N/A                                     ; Restricted to 500.00 MHz ( period = 2.000 ns )      ; Receiver:inst1|bas_signal[0]           ; Receiver:inst1|bas_words[2]            ; clk        ; clk      ; None                        ; None                      ; 1.474 ns                ;
; N/A                                     ; Restricted to 500.00 MHz ( period = 2.000 ns )      ; Receiver:inst1|bas_signal[0]           ; Receiver:inst1|bas_words[3]            ; clk        ; clk      ; None                        ; None                      ; 1.468 ns                ;
; N/A                                     ; Restricted to 500.00 MHz ( period = 2.000 ns )      ; Receiver:inst1|bas_signal[1]           ; Receiver:inst1|bas_words[15]           ; clk        ; clk      ; None                        ; None                      ; 1.456 ns                ;
; N/A                                     ; Restricted to 500.00 MHz ( period = 2.000 ns )      ; Receiver:inst1|bas_signal[0]           ; Receiver:inst1|bas_words[7]            ; clk        ; clk      ; None                        ; None                      ; 1.455 ns                ;
; N/A                                     ; Restricted to 500.00 MHz ( period = 2.000 ns )      ; Receiver:inst1|bas_signal[1]           ; Receiver:inst1|bas_signal[3]           ; clk        ; clk      ; None                        ; None                      ; 1.453 ns                ;
; N/A                                     ; Restricted to 500.00 MHz ( period = 2.000 ns )      ; Receiver:inst1|bas_signal[1]           ; Receiver:inst1|bas_signal[2]           ; clk        ; clk      ; None                        ; None                      ; 1.452 ns                ;
; N/A                                     ; Restricted to 500.00 MHz ( period = 2.000 ns )      ; Receiver:inst1|bas_signal[1]           ; Receiver:inst1|bas_words[11]           ; clk        ; clk      ; None                        ; None                      ; 1.449 ns                ;
; N/A                                     ; Restricted to 500.00 MHz ( period = 2.000 ns )      ; Receiver:inst1|bas_signal[1]           ; Receiver:inst1|bas_words[2]            ; clk        ; clk      ; None                        ; None                      ; 1.426 ns                ;
; N/A                                     ; Restricted to 500.00 MHz ( period = 2.000 ns )      ; Receiver:inst1|bas_signal[1]           ; Receiver:inst1|bas_words[1]            ; clk        ; clk      ; None                        ; None                      ; 1.420 ns                ;
; N/A                                     ; Restricted to 500.00 MHz ( period = 2.000 ns )      ; Receiver:inst1|bas_signal[2]           ; Receiver:inst1|bas_words[14]           ; clk        ; clk      ; None                        ; None                      ; 1.409 ns                ;
; N/A                                     ; Restricted to 500.00 MHz ( period = 2.000 ns )      ; Receiver:inst1|bas_signal[2]           ; Receiver:inst1|bas_words[2]            ; clk        ; clk      ; None                        ; None                      ; 1.335 ns                ;
; N/A                                     ; Restricted to 500.00 MHz ( period = 2.000 ns )      ; Receiver:inst1|bas_signal[2]           ; Receiver:inst1|bas_words[1]            ; clk        ; clk      ; None                        ; None                      ; 1.335 ns                ;
; N/A                                     ; Restricted to 500.00 MHz ( period = 2.000 ns )      ; Receiver:inst1|bas_signal[0]           ; Receiver:inst1|bas_words[10]           ; clk        ; clk      ; None                        ; None                      ; 1.303 ns                ;
; N/A                                     ; Restricted to 500.00 MHz ( period = 2.000 ns )      ; Receiver:inst1|bas_signal[0]           ; Receiver:inst1|bas_words[15]           ; clk        ; clk      ; None                        ; None                      ; 1.261 ns                ;
; N/A                                     ; Restricted to 500.00 MHz ( period = 2.000 ns )      ; Receiver:inst1|bas_signal[0]           ; Receiver:inst1|bas_signal[3]           ; clk        ; clk      ; None                        ; None                      ; 1.258 ns                ;
; N/A                                     ; Restricted to 500.00 MHz ( period = 2.000 ns )      ; Receiver:inst1|bas_signal[0]           ; Receiver:inst1|bas_signal[2]           ; clk        ; clk      ; None                        ; None                      ; 1.257 ns                ;
; N/A                                     ; Restricted to 500.00 MHz ( period = 2.000 ns )      ; Receiver:inst1|bas_signal[0]           ; Receiver:inst1|bas_words[11]           ; clk        ; clk      ; None                        ; None                      ; 1.254 ns                ;
; N/A                                     ; Restricted to 500.00 MHz ( period = 2.000 ns )      ; Receiver:inst1|bas_signal[0]           ; Receiver:inst1|bas_words[1]            ; clk        ; clk      ; None                        ; None                      ; 1.257 ns                ;
; N/A                                     ; Restricted to 500.00 MHz ( period = 2.000 ns )      ; Receiver:inst1|bas_signal[1]           ; Receiver:inst1|bas_words[10]           ; clk        ; clk      ; None                        ; None                      ; 1.255 ns                ;
; N/A                                     ; Restricted to 500.00 MHz ( period = 2.000 ns )      ; Receiver:inst1|bas_signal[3]           ; Receiver:inst1|bas_words[12]           ; clk        ; clk      ; None                        ; None                      ; 1.240 ns                ;
; N/A                                     ; Restricted to 500.00 MHz ( period = 2.000 ns )      ; Receiver:inst1|bas_signal[3]           ; Receiver:inst1|bas_words[10]           ; clk        ; clk      ; None                        ; None                      ; 1.235 ns                ;
; N/A                                     ; Restricted to 500.00 MHz ( period = 2.000 ns )      ; Receiver:inst1|bas_signal[2]           ; Receiver:inst1|bas_words[13]           ; clk        ; clk      ; None                        ; None                      ; 1.222 ns                ;
; N/A                                     ; Restricted to 500.00 MHz ( period = 2.000 ns )      ; Receiver:inst1|bas_signal[2]           ; Receiver:inst1|bas_words[13]~DUPLICATE ; clk        ; clk      ; None                        ; None                      ; 1.222 ns                ;
; N/A                                     ; Restricted to 500.00 MHz ( period = 2.000 ns )      ; Receiver:inst1|bas_signal[2]           ; Receiver:inst1|bas_words[9]            ; clk        ; clk      ; None                        ; None                      ; 1.209 ns                ;
; N/A                                     ; Restricted to 500.00 MHz ( period = 2.000 ns )      ; Receiver:inst1|bas_signal[2]           ; Receiver:inst1|bas_words[12]           ; clk        ; clk      ; None                        ; None                      ; 1.208 ns                ;
; N/A                                     ; Restricted to 500.00 MHz ( period = 2.000 ns )      ; Receiver:inst1|bas_signal[1]           ; Receiver:inst1|bas_words[13]           ; clk        ; clk      ; None                        ; None                      ; 1.181 ns                ;
; N/A                                     ; Restricted to 500.00 MHz ( period = 2.000 ns )      ; Receiver:inst1|bas_signal[1]           ; Receiver:inst1|bas_words[9]            ; clk        ; clk      ; None                        ; None                      ; 1.180 ns                ;
; N/A                                     ; Restricted to 500.00 MHz ( period = 2.000 ns )      ; Receiver:inst1|bas_signal[1]           ; Receiver:inst1|bas_words[13]~DUPLICATE ; clk        ; clk      ; None                        ; None                      ; 1.180 ns                ;
; N/A                                     ; Restricted to 500.00 MHz ( period = 2.000 ns )      ; Receiver:inst1|bas_signal[2]           ; Receiver:inst1|bas_words[0]            ; clk        ; clk      ; None                        ; None                      ; 1.150 ns                ;
; N/A                                     ; Restricted to 500.00 MHz ( period = 2.000 ns )      ; Receiver:inst1|bas_signal[2]           ; Receiver:inst1|bas_words[4]            ; clk        ; clk      ; None                        ; None                      ; 1.147 ns                ;
; N/A                                     ; Restricted to 500.00 MHz ( period = 2.000 ns )      ; Receiver:inst1|bas_signal[2]           ; Receiver:inst1|bas_words[8]            ; clk        ; clk      ; None                        ; None                      ; 1.147 ns                ;
; N/A                                     ; Restricted to 500.00 MHz ( period = 2.000 ns )      ; Receiver:inst1|bas_signal[0]           ; Receiver:inst1|bas_words[14]           ; clk        ; clk      ; None                        ; None                      ; 1.097 ns                ;
; N/A                                     ; Restricted to 500.00 MHz ( period = 2.000 ns )      ; Receiver:inst1|bas_signal[0]           ; Receiver:inst1|bas_words[12]           ; clk        ; clk      ; None                        ; None                      ; 1.074 ns                ;
; N/A                                     ; Restricted to 500.00 MHz ( period = 2.000 ns )      ; Receiver:inst1|bas_signal[3]           ; Receiver:inst1|bas_words[13]           ; clk        ; clk      ; None                        ; None                      ; 1.075 ns                ;
; Timing analysis restricted to 200 rows. ; To change the limit use Settings (Assignments menu) ;                                        ;                                        ;            ;          ;                             ;                           ;                         ;
+-----------------------------------------+-----------------------------------------------------+----------------------------------------+----------------------------------------+------------+----------+-----------------------------+---------------------------+-------------------------+


+------------------------------------------------------------------------------------------------------------+
; tsu                                                                                                        ;
+-------+--------------+------------+--------------------+----------------------------------------+----------+
; Slack ; Required tsu ; Actual tsu ; From               ; To                                     ; To Clock ;
+-------+--------------+------------+--------------------+----------------------------------------+----------+
; N/A   ; None         ; 4.837 ns   ; reset              ; PK_Block:inst12|PowerOutB3             ; clk      ;
; N/A   ; None         ; 4.837 ns   ; reset              ; PK_Block:inst12|PowerOutB4             ; clk      ;
; N/A   ; None         ; 4.836 ns   ; reset              ; PK_Block:inst12|PowerOutB4_2           ; clk      ;
; N/A   ; None         ; 4.835 ns   ; reset              ; PK_Block:inst12|PowerOutC4             ; clk      ;
; N/A   ; None         ; 4.833 ns   ; reset              ; PK_Block:inst12|PowerOutC4_2           ; clk      ;
; N/A   ; None         ; 4.809 ns   ; reset              ; PK_Block:inst12|PowerOutB3_2           ; clk      ;
; N/A   ; None         ; 4.677 ns   ; reset              ; KY_Block:inst11|KY1                    ; clk      ;
; N/A   ; None         ; 4.655 ns   ; reset              ; PK_Block:inst12|PowerOutD5             ; clk      ;
; N/A   ; None         ; 4.655 ns   ; reset              ; PK_Block:inst12|PowerOutD5_2           ; clk      ;
; N/A   ; None         ; 4.547 ns   ; reset              ; Transmitter:inst4|bas_signal[0]        ; clk      ;
; N/A   ; None         ; 4.547 ns   ; reset              ; Transmitter:inst4|bas_data_TX          ; clk      ;
; N/A   ; None         ; 4.473 ns   ; reset              ; Transmitter:inst4|bas_signal[3]        ; clk      ;
; N/A   ; None         ; 4.339 ns   ; reset              ; KY_Block:inst11|KY7                    ; clk      ;
; N/A   ; None         ; 4.337 ns   ; reset              ; KY_Block:inst11|KY3                    ; clk      ;
; N/A   ; None         ; 4.311 ns   ; reset              ; Transmitter:inst4|bas_signal[2]        ; clk      ;
; N/A   ; None         ; 4.307 ns   ; reset              ; Transmitter:inst4|bas_signal[1]        ; clk      ;
; N/A   ; None         ; 4.187 ns   ; control_bit        ; Receiver:inst1|bas_words[0]            ; clk      ;
; N/A   ; None         ; 4.179 ns   ; control_bit        ; Receiver:inst1|bas_words[1]            ; clk      ;
; N/A   ; None         ; 3.978 ns   ; control_bit        ; Receiver:inst1|bas_words[4]            ; clk      ;
; N/A   ; None         ; 3.973 ns   ; control_bit        ; Receiver:inst1|bas_words[6]            ; clk      ;
; N/A   ; None         ; 3.967 ns   ; control_bit        ; Receiver:inst1|bas_words[2]            ; clk      ;
; N/A   ; None         ; 3.960 ns   ; control_bit        ; Receiver:inst1|bas_words[7]            ; clk      ;
; N/A   ; None         ; 3.958 ns   ; control_bit        ; Receiver:inst1|bas_words[3]            ; clk      ;
; N/A   ; None         ; 3.760 ns   ; reset              ; KY_Block:inst11|KY2                    ; clk      ;
; N/A   ; None         ; 3.675 ns   ; data               ; Receiver:inst1|bas_words[4]            ; clk      ;
; N/A   ; None         ; 3.675 ns   ; data               ; Receiver:inst1|bas_words[8]            ; clk      ;
; N/A   ; None         ; 3.673 ns   ; data               ; Receiver:inst1|bas_words[0]            ; clk      ;
; N/A   ; None         ; 3.659 ns   ; data               ; Receiver:inst1|bas_words[7]            ; clk      ;
; N/A   ; None         ; 3.659 ns   ; data               ; Receiver:inst1|bas_words[11]           ; clk      ;
; N/A   ; None         ; 3.658 ns   ; data               ; Receiver:inst1|bas_words[13]           ; clk      ;
; N/A   ; None         ; 3.658 ns   ; data               ; Receiver:inst1|bas_words[13]~DUPLICATE ; clk      ;
; N/A   ; None         ; 3.657 ns   ; data               ; Receiver:inst1|bas_words[3]            ; clk      ;
; N/A   ; None         ; 3.657 ns   ; data               ; Receiver:inst1|bas_words[15]           ; clk      ;
; N/A   ; None         ; 3.648 ns   ; data               ; Receiver:inst1|bas_words[12]           ; clk      ;
; N/A   ; None         ; 3.646 ns   ; data               ; Receiver:inst1|bas_words[9]            ; clk      ;
; N/A   ; None         ; 3.644 ns   ; data               ; Receiver:inst1|bas_words[10]           ; clk      ;
; N/A   ; None         ; 3.640 ns   ; data               ; Receiver:inst1|bas_words[14]           ; clk      ;
; N/A   ; None         ; 3.626 ns   ; data               ; Receiver:inst1|bas_words[6]            ; clk      ;
; N/A   ; None         ; 3.595 ns   ; data               ; Receiver:inst1|bas_words[2]            ; clk      ;
; N/A   ; None         ; 3.595 ns   ; data               ; Receiver:inst1|bas_words[1]            ; clk      ;
; N/A   ; None         ; 3.501 ns   ; control_bit        ; Receiver:inst1|bas_signal[2]           ; clk      ;
; N/A   ; None         ; 3.501 ns   ; control_bit        ; Receiver:inst1|bas_signal[3]           ; clk      ;
; N/A   ; None         ; 3.384 ns   ; off_power_serviece ; Transmitter:inst4|bas_data_TX          ; clk      ;
; N/A   ; None         ; 3.371 ns   ; control_bit        ; Receiver:inst1|bas_signal[1]           ; clk      ;
; N/A   ; None         ; 3.323 ns   ; off_serviece       ; Transmitter:inst4|bas_data_TX          ; clk      ;
; N/A   ; None         ; 3.322 ns   ; control_bit        ; Receiver:inst1|bas_signal[0]           ; clk      ;
; N/A   ; None         ; 3.122 ns   ; on_serviece        ; Transmitter:inst4|bas_data_TX          ; clk      ;
+-------+--------------+------------+--------------------+----------------------------------------+----------+


+----------------------------------------------------------------------------------------------+
; tco                                                                                          ;
+-------+--------------+------------+-------------------------------+-------------+------------+
; Slack ; Required tco ; Actual tco ; From                          ; To          ; From Clock ;
+-------+--------------+------------+-------------------------------+-------------+------------+
; N/A   ; None         ; 6.233 ns   ; PK_Block:inst12|PowerOutB3    ; B3          ; clk        ;
; N/A   ; None         ; 6.210 ns   ; KY_Block:inst11|KY1           ; KY1         ; clk        ;
; N/A   ; None         ; 5.937 ns   ; PK_Block:inst12|PowerOutB3_2  ; B3_2        ; clk        ;
; N/A   ; None         ; 5.881 ns   ; KY_Block:inst11|KY2           ; KY2         ; clk        ;
; N/A   ; None         ; 5.740 ns   ; PK_Block:inst12|PowerOutC4_2  ; C4_2        ; clk        ;
; N/A   ; None         ; 5.702 ns   ; KY_Block:inst11|KY3           ; KY3         ; clk        ;
; N/A   ; None         ; 5.695 ns   ; PK_Block:inst12|PowerOutB4_2  ; B4_2        ; clk        ;
; N/A   ; None         ; 5.689 ns   ; PK_Block:inst12|PowerOutD5    ; D5          ; clk        ;
; N/A   ; None         ; 5.686 ns   ; PK_Block:inst12|PowerOutB4    ; B4          ; clk        ;
; N/A   ; None         ; 5.625 ns   ; Transmitter:inst4|bas_data_TX ; bas_data_TX ; clk        ;
; N/A   ; None         ; 5.620 ns   ; PK_Block:inst12|PowerOutD5_2  ; D5_2        ; clk        ;
; N/A   ; None         ; 5.540 ns   ; PK_Block:inst12|PowerOutC4    ; C4          ; clk        ;
; N/A   ; None         ; 5.539 ns   ; KY_Block:inst11|KY7           ; KY7         ; clk        ;
+-------+--------------+------------+-------------------------------+-------------+------------+


+------------------------------------------------------------------------------------------------------------------+
; th                                                                                                               ;
+---------------+-------------+-----------+--------------------+----------------------------------------+----------+
; Minimum Slack ; Required th ; Actual th ; From               ; To                                     ; To Clock ;
+---------------+-------------+-----------+--------------------+----------------------------------------+----------+
; N/A           ; None        ; -2.883 ns ; on_serviece        ; Transmitter:inst4|bas_data_TX          ; clk      ;
; N/A           ; None        ; -3.083 ns ; control_bit        ; Receiver:inst1|bas_signal[0]           ; clk      ;
; N/A           ; None        ; -3.084 ns ; off_serviece       ; Transmitter:inst4|bas_data_TX          ; clk      ;
; N/A           ; None        ; -3.132 ns ; control_bit        ; Receiver:inst1|bas_signal[1]           ; clk      ;
; N/A           ; None        ; -3.145 ns ; off_power_serviece ; Transmitter:inst4|bas_data_TX          ; clk      ;
; N/A           ; None        ; -3.262 ns ; control_bit        ; Receiver:inst1|bas_signal[2]           ; clk      ;
; N/A           ; None        ; -3.262 ns ; control_bit        ; Receiver:inst1|bas_signal[3]           ; clk      ;
; N/A           ; None        ; -3.356 ns ; data               ; Receiver:inst1|bas_words[2]            ; clk      ;
; N/A           ; None        ; -3.356 ns ; data               ; Receiver:inst1|bas_words[1]            ; clk      ;
; N/A           ; None        ; -3.387 ns ; data               ; Receiver:inst1|bas_words[6]            ; clk      ;
; N/A           ; None        ; -3.401 ns ; data               ; Receiver:inst1|bas_words[14]           ; clk      ;
; N/A           ; None        ; -3.405 ns ; data               ; Receiver:inst1|bas_words[10]           ; clk      ;
; N/A           ; None        ; -3.407 ns ; data               ; Receiver:inst1|bas_words[9]            ; clk      ;
; N/A           ; None        ; -3.409 ns ; data               ; Receiver:inst1|bas_words[12]           ; clk      ;
; N/A           ; None        ; -3.418 ns ; data               ; Receiver:inst1|bas_words[3]            ; clk      ;
; N/A           ; None        ; -3.418 ns ; data               ; Receiver:inst1|bas_words[15]           ; clk      ;
; N/A           ; None        ; -3.419 ns ; data               ; Receiver:inst1|bas_words[13]           ; clk      ;
; N/A           ; None        ; -3.419 ns ; data               ; Receiver:inst1|bas_words[13]~DUPLICATE ; clk      ;
; N/A           ; None        ; -3.420 ns ; data               ; Receiver:inst1|bas_words[7]            ; clk      ;
; N/A           ; None        ; -3.420 ns ; data               ; Receiver:inst1|bas_words[11]           ; clk      ;
; N/A           ; None        ; -3.434 ns ; data               ; Receiver:inst1|bas_words[0]            ; clk      ;
; N/A           ; None        ; -3.436 ns ; data               ; Receiver:inst1|bas_words[4]            ; clk      ;
; N/A           ; None        ; -3.436 ns ; data               ; Receiver:inst1|bas_words[8]            ; clk      ;
; N/A           ; None        ; -3.521 ns ; reset              ; KY_Block:inst11|KY2                    ; clk      ;
; N/A           ; None        ; -3.580 ns ; reset              ; KY_Block:inst11|KY1                    ; clk      ;
; N/A           ; None        ; -3.719 ns ; control_bit        ; Receiver:inst1|bas_words[3]            ; clk      ;
; N/A           ; None        ; -3.721 ns ; control_bit        ; Receiver:inst1|bas_words[7]            ; clk      ;
; N/A           ; None        ; -3.723 ns ; reset              ; KY_Block:inst11|KY7                    ; clk      ;
; N/A           ; None        ; -3.728 ns ; control_bit        ; Receiver:inst1|bas_words[2]            ; clk      ;
; N/A           ; None        ; -3.734 ns ; control_bit        ; Receiver:inst1|bas_words[6]            ; clk      ;
; N/A           ; None        ; -3.739 ns ; control_bit        ; Receiver:inst1|bas_words[4]            ; clk      ;
; N/A           ; None        ; -3.828 ns ; reset              ; KY_Block:inst11|KY3                    ; clk      ;
; N/A           ; None        ; -3.940 ns ; control_bit        ; Receiver:inst1|bas_words[1]            ; clk      ;
; N/A           ; None        ; -3.948 ns ; control_bit        ; Receiver:inst1|bas_words[0]            ; clk      ;
; N/A           ; None        ; -4.068 ns ; reset              ; Transmitter:inst4|bas_signal[1]        ; clk      ;
; N/A           ; None        ; -4.072 ns ; reset              ; Transmitter:inst4|bas_signal[2]        ; clk      ;
; N/A           ; None        ; -4.095 ns ; reset              ; PK_Block:inst12|PowerOutB4_2           ; clk      ;
; N/A           ; None        ; -4.096 ns ; reset              ; PK_Block:inst12|PowerOutB3             ; clk      ;
; N/A           ; None        ; -4.096 ns ; reset              ; PK_Block:inst12|PowerOutB4             ; clk      ;
; N/A           ; None        ; -4.182 ns ; reset              ; PK_Block:inst12|PowerOutC4_2           ; clk      ;
; N/A           ; None        ; -4.183 ns ; reset              ; PK_Block:inst12|PowerOutD5_2           ; clk      ;
; N/A           ; None        ; -4.184 ns ; reset              ; PK_Block:inst12|PowerOutC4             ; clk      ;
; N/A           ; None        ; -4.184 ns ; reset              ; PK_Block:inst12|PowerOutB3_2           ; clk      ;
; N/A           ; None        ; -4.185 ns ; reset              ; PK_Block:inst12|PowerOutD5             ; clk      ;
; N/A           ; None        ; -4.234 ns ; reset              ; Transmitter:inst4|bas_signal[3]        ; clk      ;
; N/A           ; None        ; -4.308 ns ; reset              ; Transmitter:inst4|bas_signal[0]        ; clk      ;
; N/A           ; None        ; -4.308 ns ; reset              ; Transmitter:inst4|bas_data_TX          ; clk      ;
+---------------+-------------+-----------+--------------------+----------------------------------------+----------+


+--------------------------+
; Timing Analyzer Messages ;
+--------------------------+
Info: *******************************************************************
Info: Running Quartus II 64-Bit Classic Timing Analyzer
    Info: Version 9.0 Build 235 06/17/2009 Service Pack 2 SJ Full Version
    Info: Processing started: Thu Sep 07 14:13:21 2023
Info: Command: quartus_tan --read_settings_files=off --write_settings_files=off ArchFLT -c ArchFLT --timing_analysis_only
Info: Parallel compilation is enabled and will use 4 of the 4 processors detected
Warning: Found pins functioning as undefined clocks and/or memory enables
    Info: Assuming node "clk" is an undefined clock
Info: Clock "clk" has Internal fmax of 233.43 MHz between source register "Receiver:inst1|bas_words[2]" and destination register "PK_Block:inst12|PowerOutC4" (period= 4.284 ns)
    Info: + Longest register to register delay is 1.961 ns
        Info: 1: + IC(0.000 ns) + CELL(0.000 ns) = 0.000 ns; Loc. = LCFF_X30_Y10_N11; Fanout = 2; REG Node = 'Receiver:inst1|bas_words[2]'
        Info: 2: + IC(0.341 ns) + CELL(0.228 ns) = 0.569 ns; Loc. = LCCOMB_X30_Y10_N28; Fanout = 1; COMB Node = 'PK_Block:inst12|PowerOutB3~0'
        Info: 3: + IC(0.234 ns) + CELL(0.228 ns) = 1.031 ns; Loc. = LCCOMB_X30_Y10_N18; Fanout = 8; COMB Node = 'PK_Block:inst12|PowerOutB3~1'
        Info: 4: + IC(0.547 ns) + CELL(0.228 ns) = 1.806 ns; Loc. = LCCOMB_X31_Y10_N2; Fanout = 1; COMB Node = 'PK_Block:inst12|PowerOutC4~0'
        Info: 5: + IC(0.000 ns) + CELL(0.155 ns) = 1.961 ns; Loc. = LCFF_X31_Y10_N3; Fanout = 2; REG Node = 'PK_Block:inst12|PowerOutC4'
        Info: Total cell delay = 0.839 ns ( 42.78 % )
        Info: Total interconnect delay = 1.122 ns ( 57.22 % )
    Info: - Smallest clock skew is 0.003 ns
        Info: + Shortest clock path from clock "clk" to destination register is 2.482 ns
            Info: 1: + IC(0.000 ns) + CELL(0.854 ns) = 0.854 ns; Loc. = PIN_N20; Fanout = 1; CLK Node = 'clk'
            Info: 2: + IC(0.343 ns) + CELL(0.000 ns) = 1.197 ns; Loc. = CLKCTRL_G3; Fanout = 37; COMB Node = 'clk~clkctrl'
            Info: 3: + IC(0.667 ns) + CELL(0.618 ns) = 2.482 ns; Loc. = LCFF_X31_Y10_N3; Fanout = 2; REG Node = 'PK_Block:inst12|PowerOutC4'
            Info: Total cell delay = 1.472 ns ( 59.31 % )
            Info: Total interconnect delay = 1.010 ns ( 40.69 % )
        Info: - Longest clock path from clock "clk" to source register is 2.479 ns
            Info: 1: + IC(0.000 ns) + CELL(0.854 ns) = 0.854 ns; Loc. = PIN_N20; Fanout = 1; CLK Node = 'clk'
            Info: 2: + IC(0.343 ns) + CELL(0.000 ns) = 1.197 ns; Loc. = CLKCTRL_G3; Fanout = 37; COMB Node = 'clk~clkctrl'
            Info: 3: + IC(0.664 ns) + CELL(0.618 ns) = 2.479 ns; Loc. = LCFF_X30_Y10_N11; Fanout = 2; REG Node = 'Receiver:inst1|bas_words[2]'
            Info: Total cell delay = 1.472 ns ( 59.38 % )
            Info: Total interconnect delay = 1.007 ns ( 40.62 % )
    Info: + Micro clock to output delay of source is 0.094 ns
    Info: + Micro setup delay of destination is 0.090 ns
    Info: Delay path is controlled by inverted clocks -- if clock duty cycle is 50%, fmax is divided by two
Info: tsu for register "PK_Block:inst12|PowerOutB3" (data pin = "reset", clock pin = "clk") is 4.837 ns
    Info: + Longest pin to register delay is 7.226 ns
        Info: 1: + IC(0.000 ns) + CELL(0.864 ns) = 0.864 ns; Loc. = PIN_M21; Fanout = 15; PIN Node = 'reset'
        Info: 2: + IC(5.053 ns) + CELL(0.225 ns) = 6.142 ns; Loc. = LCCOMB_X31_Y10_N30; Fanout = 8; COMB Node = 'Splitter:inst|addr[0]~5'
        Info: 3: + IC(0.583 ns) + CELL(0.346 ns) = 7.071 ns; Loc. = LCCOMB_X30_Y10_N2; Fanout = 1; COMB Node = 'PK_Block:inst12|PowerOutB3~2'
        Info: 4: + IC(0.000 ns) + CELL(0.155 ns) = 7.226 ns; Loc. = LCFF_X30_Y10_N3; Fanout = 2; REG Node = 'PK_Block:inst12|PowerOutB3'
        Info: Total cell delay = 1.590 ns ( 22.00 % )
        Info: Total interconnect delay = 5.636 ns ( 78.00 % )
    Info: + Micro setup delay of destination is 0.090 ns
    Info: - Shortest clock path from clock "clk" to destination register is 2.479 ns
        Info: 1: + IC(0.000 ns) + CELL(0.854 ns) = 0.854 ns; Loc. = PIN_N20; Fanout = 1; CLK Node = 'clk'
        Info: 2: + IC(0.343 ns) + CELL(0.000 ns) = 1.197 ns; Loc. = CLKCTRL_G3; Fanout = 37; COMB Node = 'clk~clkctrl'
        Info: 3: + IC(0.664 ns) + CELL(0.618 ns) = 2.479 ns; Loc. = LCFF_X30_Y10_N3; Fanout = 2; REG Node = 'PK_Block:inst12|PowerOutB3'
        Info: Total cell delay = 1.472 ns ( 59.38 % )
        Info: Total interconnect delay = 1.007 ns ( 40.62 % )
Info: tco from clock "clk" to destination pin "B3" through register "PK_Block:inst12|PowerOutB3" is 6.233 ns
    Info: + Longest clock path from clock "clk" to source register is 2.479 ns
        Info: 1: + IC(0.000 ns) + CELL(0.854 ns) = 0.854 ns; Loc. = PIN_N20; Fanout = 1; CLK Node = 'clk'
        Info: 2: + IC(0.343 ns) + CELL(0.000 ns) = 1.197 ns; Loc. = CLKCTRL_G3; Fanout = 37; COMB Node = 'clk~clkctrl'
        Info: 3: + IC(0.664 ns) + CELL(0.618 ns) = 2.479 ns; Loc. = LCFF_X30_Y10_N3; Fanout = 2; REG Node = 'PK_Block:inst12|PowerOutB3'
        Info: Total cell delay = 1.472 ns ( 59.38 % )
        Info: Total interconnect delay = 1.007 ns ( 40.62 % )
    Info: + Micro clock to output delay of source is 0.094 ns
    Info: + Longest register to pin delay is 3.660 ns
        Info: 1: + IC(0.000 ns) + CELL(0.000 ns) = 0.000 ns; Loc. = LCFF_X30_Y10_N3; Fanout = 2; REG Node = 'PK_Block:inst12|PowerOutB3'
        Info: 2: + IC(1.678 ns) + CELL(1.982 ns) = 3.660 ns; Loc. = PIN_A6; Fanout = 0; PIN Node = 'B3'
        Info: Total cell delay = 1.982 ns ( 54.15 % )
        Info: Total interconnect delay = 1.678 ns ( 45.85 % )
Info: th for register "Transmitter:inst4|bas_data_TX" (data pin = "on_serviece", clock pin = "clk") is -2.883 ns
    Info: + Longest clock path from clock "clk" to destination register is 2.476 ns
        Info: 1: + IC(0.000 ns) + CELL(0.854 ns) = 0.854 ns; Loc. = PIN_N20; Fanout = 1; CLK Node = 'clk'
        Info: 2: + IC(0.343 ns) + CELL(0.000 ns) = 1.197 ns; Loc. = CLKCTRL_G3; Fanout = 37; COMB Node = 'clk~clkctrl'
        Info: 3: + IC(0.661 ns) + CELL(0.618 ns) = 2.476 ns; Loc. = LCFF_X29_Y10_N17; Fanout = 1; REG Node = 'Transmitter:inst4|bas_data_TX'
        Info: Total cell delay = 1.472 ns ( 59.45 % )
        Info: Total interconnect delay = 1.004 ns ( 40.55 % )
    Info: + Micro hold delay of destination is 0.149 ns
    Info: - Shortest pin to register delay is 5.508 ns
        Info: 1: + IC(0.000 ns) + CELL(0.857 ns) = 0.857 ns; Loc. = PIN_AA8; Fanout = 1; PIN Node = 'on_serviece'
        Info: 2: + IC(4.262 ns) + CELL(0.234 ns) = 5.353 ns; Loc. = LCCOMB_X29_Y10_N16; Fanout = 1; COMB Node = 'Transmitter:inst4|bas_data_TX~4'
        Info: 3: + IC(0.000 ns) + CELL(0.155 ns) = 5.508 ns; Loc. = LCFF_X29_Y10_N17; Fanout = 1; REG Node = 'Transmitter:inst4|bas_data_TX'
        Info: Total cell delay = 1.246 ns ( 22.62 % )
        Info: Total interconnect delay = 4.262 ns ( 77.38 % )
Info: Quartus II 64-Bit Classic Timing Analyzer was successful. 0 errors, 1 warning
    Info: Peak virtual memory: 4378 megabytes
    Info: Processing ended: Thu Sep 07 14:13:22 2023
    Info: Elapsed time: 00:00:01
    Info: Total CPU time (on all processors): 00:00:00


